TN:
SF:src\compiler.ts
FN:4,(anonymous_1)
FN:10,Compiler
FN:30,(anonymous_3)
FN:33,(anonymous_4)
FN:48,(anonymous_5)
FN:60,(anonymous_6)
FN:62,(anonymous_7)
FN:79,(anonymous_8)
FN:82,(anonymous_9)
FN:92,(anonymous_10)
FN:99,(anonymous_11)
FN:102,(anonymous_12)
FN:122,(anonymous_13)
FN:134,(anonymous_14)
FN:146,(anonymous_15)
FN:159,(anonymous_16)
FN:173,(anonymous_17)
FNF:17
FNH:2
FNDA:1,(anonymous_1)
FNDA:1,Compiler
FNDA:0,(anonymous_3)
FNDA:0,(anonymous_4)
FNDA:0,(anonymous_5)
FNDA:0,(anonymous_6)
FNDA:0,(anonymous_7)
FNDA:0,(anonymous_8)
FNDA:0,(anonymous_9)
FNDA:0,(anonymous_10)
FNDA:0,(anonymous_11)
FNDA:0,(anonymous_12)
FNDA:0,(anonymous_13)
FNDA:0,(anonymous_14)
FNDA:0,(anonymous_15)
FNDA:0,(anonymous_16)
FNDA:0,(anonymous_17)
DA:1,1
DA:4,1
DA:11,1
DA:12,1
DA:13,1
DA:15,0
DA:16,0
DA:18,0
DA:21,0
DA:30,1
DA:31,0
DA:32,0
DA:33,0
DA:36,0
DA:37,0
DA:41,0
DA:48,1
DA:50,0
DA:51,0
DA:60,1
DA:61,0
DA:62,0
DA:64,0
DA:65,0
DA:67,0
DA:68,0
DA:79,1
DA:80,0
DA:81,0
DA:82,0
DA:84,0
DA:86,0
DA:87,0
DA:88,0
DA:92,0
DA:93,0
DA:95,0
DA:99,0
DA:100,0
DA:102,0
DA:103,0
DA:105,0
DA:108,0
DA:109,0
DA:112,0
DA:122,1
DA:124,0
DA:126,0
DA:127,0
DA:134,1
DA:135,0
DA:136,0
DA:138,0
DA:140,0
DA:146,0
DA:147,0
DA:159,1
DA:161,0
DA:163,0
DA:168,0
DA:172,0
DA:173,0
DA:174,0
DA:175,0
DA:177,0
DA:180,0
DA:182,1
LF:67
LH:13
BRDA:13,0,0,0
BRDA:32,1,0,0
BRDA:32,2,0,0
BRDA:32,2,1,0
BRDA:36,3,0,0
BRDA:52,4,0,0
BRDA:52,4,1,0
BRDA:52,4,2,0
BRDA:61,5,0,0
BRDA:61,6,0,0
BRDA:61,6,1,0
BRDA:64,7,0,0
BRDA:64,7,1,0
BRDA:67,8,0,0
BRDA:86,9,0,0
BRDA:88,10,0,0
BRDA:88,10,1,0
BRDA:108,11,0,0
BRDA:136,12,0,0
BRDA:174,13,0,0
BRDA:174,13,1,0
BRDA:174,14,0,0
BRDA:174,14,1,0
BRF:23
BRH:0
end_of_record
TN:
SF:src\dep.ts
FN:1,(anonymous_0)
FN:4,Dep
FN:9,(anonymous_2)
FN:13,(anonymous_3)
FNF:4
FNH:2
FNDA:1,(anonymous_0)
FNDA:1,Dep
FNDA:0,(anonymous_2)
FNDA:0,(anonymous_3)
DA:1,1
DA:6,1
DA:9,1
DA:10,0
DA:13,1
DA:14,0
DA:15,0
DA:18,1
LF:8
LH:5
BRF:0
BRH:0
end_of_record
TN:
SF:src\index.ts
FN:4,(anonymous_0)
FN:14,Vue
FN:37,(anonymous_2)
FN:38,(anonymous_3)
FN:40,(anonymous_4)
FN:43,(anonymous_5)
FN:54,(anonymous_6)
FN:56,(anonymous_7)
FNF:8
FNH:6
FNDA:1,(anonymous_0)
FNDA:1,Vue
FNDA:1,(anonymous_2)
FNDA:1,(anonymous_3)
FNDA:0,(anonymous_4)
FNDA:0,(anonymous_5)
FNDA:1,(anonymous_6)
FNDA:1,(anonymous_7)
DA:1,1
DA:2,1
DA:4,1
DA:16,1
DA:19,1
DA:22,1
DA:23,1
DA:26,1
DA:29,1
DA:37,1
DA:38,1
DA:39,1
DA:41,0
DA:44,0
DA:54,1
DA:55,1
DA:56,1
DA:57,1
DA:61,1
DA:63,1
LF:20
LH:18
BRDA:19,0,0,1
BRDA:19,0,1,0
BRDA:55,1,0,1
BRDA:55,2,0,1
BRDA:55,2,1,1
BRF:5
BRH:4
end_of_record
TN:
SF:src\observer.ts
FN:3,(anonymous_0)
FN:6,Observer
FN:18,(anonymous_2)
FN:22,(anonymous_3)
FN:34,(anonymous_4)
FN:43,(anonymous_5)
FN:49,(anonymous_6)
FNF:7
FNH:6
FNDA:1,(anonymous_0)
FNDA:1,Observer
FNDA:2,(anonymous_2)
FNDA:1,(anonymous_3)
FNDA:1,(anonymous_4)
FNDA:3,(anonymous_5)
FNDA:0,(anonymous_6)
DA:1,1
DA:3,1
DA:8,1
DA:11,1
DA:18,2
DA:19,2
DA:20,1
DA:22,1
DA:23,1
DA:34,1
DA:35,1
DA:36,1
DA:45,3
DA:46,3
DA:51,0
DA:52,0
DA:57,1
DA:59,1
LF:18
LH:16
BRDA:19,0,0,1
BRDA:19,1,0,2
BRDA:19,1,1,2
BRDA:45,2,0,3
BRDA:45,2,1,0
BRF:5
BRH:4
end_of_record
TN:
SF:src\watcher.ts
FN:5,(anonymous_0)
FN:12,Watcher
FN:24,(anonymous_2)
FN:37,(anonymous_3)
FN:42,(anonymous_4)
FNF:5
FNH:1
FNDA:1,(anonymous_0)
FNDA:0,Watcher
FNDA:0,(anonymous_2)
FNDA:0,(anonymous_3)
FNDA:0,(anonymous_4)
DA:1,1
DA:4,1
DA:5,1
DA:14,0
DA:15,0
DA:16,0
DA:17,0
DA:18,0
DA:24,1
DA:28,0
DA:29,0
DA:30,0
DA:31,0
DA:37,1
DA:38,0
DA:39,0
DA:42,1
DA:47,0
DA:48,0
DA:50,1
LF:20
LH:7
BRDA:39,0,0,0
BRDA:39,0,1,0
BRF:2
BRH:0
end_of_record
