<?xml version="1.0" encoding="UTF-8"?>
<coverage generated="1660810891186" clover="3.2.0">
  <project timestamp="1660810891186" name="All files">
    <metrics statements="433" coveredstatements="433" conditionals="203" coveredconditionals="203" methods="81" coveredmethods="81" elements="717" coveredelements="717" complexity="0" loc="433" ncloc="433" packages="2" files="16" classes="16"/>
    <package name="src">
      <metrics statements="224" coveredstatements="224" conditionals="93" coveredconditionals="93" methods="45" coveredmethods="45"/>
      <file name="compiler.ts" path="F:\web\project\mvvm_jest\mvvm\src\compiler.ts">
        <metrics statements="93" coveredstatements="93" conditionals="39" coveredconditionals="39" methods="11" coveredmethods="11"/>
        <line num="63" count="12" type="stmt"/>
        <line num="71" count="12" type="stmt"/>
        <line num="91" count="95" type="stmt"/>
        <line num="92" count="95" type="stmt"/>
        <line num="93" count="95" type="stmt"/>
        <line num="95" count="95" type="stmt"/>
        <line num="97" count="95" type="stmt"/>
        <line num="109" count="1" type="stmt"/>
        <line num="110" count="1" type="stmt"/>
        <line num="111" count="1" type="stmt"/>
        <line num="113" count="1" type="stmt"/>
        <line num="114" count="2" type="stmt"/>
        <line num="116" count="2" type="cond" truecount="2" falsecount="0"/>
        <line num="117" count="1" type="stmt"/>
        <line num="118" count="1" type="stmt"/>
        <line num="121" count="1" type="stmt"/>
        <line num="122" count="1" type="stmt"/>
        <line num="123" count="1" type="stmt"/>
        <line num="124" count="1" type="stmt"/>
        <line num="126" count="1" type="stmt"/>
        <line num="128" count="1" type="stmt"/>
        <line num="131" count="1" type="stmt"/>
        <line num="133" count="1" type="stmt"/>
        <line num="144" count="97" type="stmt"/>
        <line num="146" count="97" type="cond" truecount="2" falsecount="0"/>
        <line num="147" count="96" type="stmt"/>
        <line num="148" count="96" type="stmt"/>
        <line num="149" count="96" type="stmt"/>
        <line num="151" count="96" type="stmt"/>
        <line num="152" count="123" type="stmt"/>
        <line num="153" count="123" type="cond" truecount="2" falsecount="0"/>
        <line num="154" count="28" type="stmt"/>
        <line num="156" count="95" type="cond" truecount="2" falsecount="0"/>
        <line num="157" count="9" type="stmt"/>
        <line num="158" count="9" type="stmt"/>
        <line num="160" count="86" type="stmt"/>
        <line num="162" count="96" type="stmt"/>
        <line num="163" count="95" type="stmt"/>
        <line num="166" count="1" type="stmt"/>
        <line num="182" count="96" type="stmt"/>
        <line num="183" count="93" type="cond" truecount="2" falsecount="0"/>
        <line num="184" count="5" type="stmt"/>
        <line num="185" count="4" type="stmt"/>
        <line num="188" count="88" type="stmt"/>
        <line num="190" count="87" type="stmt"/>
        <line num="192" count="87" type="stmt"/>
        <line num="206" count="96" type="stmt"/>
        <line num="208" count="96" type="cond" truecount="2" falsecount="0"/>
        <line num="209" count="5" type="stmt"/>
        <line num="211" count="96" type="cond" truecount="2" falsecount="0"/>
        <line num="212" count="6" type="stmt"/>
        <line num="214" count="96" type="cond" truecount="2" falsecount="0"/>
        <line num="215" count="12" type="stmt"/>
        <line num="218" count="96" type="stmt"/>
        <line num="229" count="96" type="stmt"/>
        <line num="239" count="39" type="cond" truecount="2" falsecount="0"/>
        <line num="240" count="36" type="stmt"/>
        <line num="243" count="3" type="stmt"/>
        <line num="245" count="3" type="stmt"/>
        <line num="247" count="3" type="cond" truecount="2" falsecount="0"/>
        <line num="248" count="1" type="stmt"/>
        <line num="258" count="12" type="stmt"/>
        <line num="265" count="12" type="stmt"/>
        <line num="273" count="12" type="stmt"/>
        <line num="274" count="12" type="stmt"/>
        <line num="275" count="12" type="stmt"/>
        <line num="277" count="12" type="cond" truecount="2" falsecount="0"/>
        <line num="278" count="1" type="stmt"/>
        <line num="279" count="1" type="stmt"/>
        <line num="280" count="1" type="stmt"/>
        <line num="282" count="1" type="stmt"/>
        <line num="283" count="1" type="stmt"/>
        <line num="287" count="12" type="stmt"/>
        <line num="288" count="12" type="stmt"/>
        <line num="301" count="78" type="cond" truecount="4" falsecount="0"/>
        <line num="302" count="12" type="stmt"/>
        <line num="305" count="78" type="stmt"/>
        <line num="306" count="78" type="stmt"/>
        <line num="308" count="78" type="stmt"/>
        <line num="309" count="252" type="stmt"/>
        <line num="310" count="252" type="stmt"/>
        <line num="312" count="252" type="cond" truecount="4" falsecount="0"/>
        <line num="313" count="1" type="stmt"/>
        <line num="315" count="251" type="cond" truecount="2" falsecount="0"/>
        <line num="316" count="84" type="stmt"/>
        <line num="318" count="251" type="cond" truecount="4" falsecount="0"/>
        <line num="319" count="30" type="stmt"/>
        <line num="323" count="78" type="cond" truecount="2" falsecount="0"/>
        <line num="324" count="48" type="stmt"/>
        <line num="325" count="97" type="stmt"/>
        <line num="326" count="88" type="stmt"/>
        <line num="327" count="88" type="stmt"/>
        <line num="329" count="39" type="stmt"/>
      </file>
      <file name="dep.ts" path="F:\web\project\mvvm_jest\mvvm\src\dep.ts">
        <metrics statements="21" coveredstatements="21" conditionals="10" coveredconditionals="10" methods="9" coveredmethods="9"/>
        <line num="26" count="71" type="stmt"/>
        <line num="34" count="6" type="stmt"/>
        <line num="44" count="990" type="cond" truecount="2" falsecount="0"/>
        <line num="45" count="169" type="stmt"/>
        <line num="47" count="990" type="stmt"/>
        <line num="57" count="994" type="cond" truecount="2" falsecount="0"/>
        <line num="58" count="2" type="stmt"/>
        <line num="60" count="994" type="stmt"/>
        <line num="71" count="10" type="stmt"/>
        <line num="82" count="22" type="cond" truecount="2" falsecount="0"/>
        <line num="83" count="2" type="stmt"/>
        <line num="85" count="20" type="stmt"/>
        <line num="86" count="44" type="stmt"/>
        <line num="99" count="22" type="cond" truecount="2" falsecount="0"/>
        <line num="100" count="2" type="stmt"/>
        <line num="102" count="20" type="stmt"/>
        <line num="103" count="44" type="stmt"/>
        <line num="115" count="4" type="stmt"/>
        <line num="116" count="4" type="cond" truecount="2" falsecount="0"/>
        <line num="117" count="2" type="stmt"/>
        <line num="118" count="4" type="stmt"/>
      </file>
      <file name="index.ts" path="F:\web\project\mvvm_jest\mvvm\src\index.ts">
        <metrics statements="0" coveredstatements="0" conditionals="0" coveredconditionals="0" methods="0" coveredmethods="0"/>
      </file>
      <file name="mvvm.ts" path="F:\web\project\mvvm_jest\mvvm\src\mvvm.ts">
        <metrics statements="17" coveredstatements="17" conditionals="12" coveredconditionals="12" methods="4" coveredmethods="4"/>
        <line num="60" count="15" type="stmt"/>
        <line num="70" count="12" type="stmt"/>
        <line num="71" count="12" type="stmt"/>
        <line num="73" count="12" type="stmt"/>
        <line num="74" count="18" type="stmt"/>
        <line num="76" count="18" type="stmt"/>
        <line num="80" count="6" type="stmt"/>
        <line num="83" count="12" type="stmt"/>
        <line num="95" count="15" type="cond" truecount="2" falsecount="0"/>
        <line num="96" count="1" type="stmt"/>
        <line num="98" count="14" type="cond" truecount="5" falsecount="0"/>
        <line num="99" count="1" type="stmt"/>
        <line num="101" count="13" type="cond" truecount="5" falsecount="0"/>
        <line num="102" count="1" type="stmt"/>
        <line num="106" count="12" type="stmt"/>
        <line num="108" count="12" type="stmt"/>
        <line num="110" count="12" type="stmt"/>
      </file>
      <file name="observer.ts" path="F:\web\project\mvvm_jest\mvvm\src\observer.ts">
        <metrics statements="36" coveredstatements="36" conditionals="18" coveredconditionals="18" methods="6" coveredmethods="6"/>
        <line num="24" count="186" type="stmt"/>
        <line num="33" count="186" type="cond" truecount="2" falsecount="0"/>
        <line num="34" count="10" type="stmt"/>
        <line num="35" count="10" type="stmt"/>
        <line num="37" count="176" type="cond" truecount="4" falsecount="0"/>
        <line num="38" count="71" type="stmt"/>
        <line num="39" count="71" type="stmt"/>
        <line num="41" count="105" type="stmt"/>
        <line num="54" count="71" type="stmt"/>
        <line num="55" count="71" type="stmt"/>
        <line num="57" count="71" type="stmt"/>
        <line num="58" count="118" type="stmt"/>
        <line num="59" count="118" type="stmt"/>
        <line num="62" count="71" type="stmt"/>
        <line num="64" count="1094" type="cond" truecount="4" falsecount="0"/>
        <line num="65" count="299" type="stmt"/>
        <line num="69" count="795" type="cond" truecount="2" falsecount="0"/>
        <line num="70" count="495" type="stmt"/>
        <line num="71" count="495" type="stmt"/>
        <line num="74" count="795" type="stmt"/>
        <line num="77" count="31" type="cond" truecount="2" falsecount="0"/>
        <line num="78" count="9" type="stmt"/>
        <line num="81" count="22" type="stmt"/>
        <line num="88" count="22" type="cond" truecount="2" falsecount="0"/>
        <line num="89" count="5" type="stmt"/>
        <line num="92" count="22" type="cond" truecount="2" falsecount="0"/>
        <line num="93" count="4" type="stmt"/>
        <line num="96" count="22" type="stmt"/>
        <line num="98" count="22" type="stmt"/>
        <line num="100" count="22" type="stmt"/>
        <line num="102" count="22" type="stmt"/>
        <line num="104" count="22" type="stmt"/>
        <line num="108" count="71" type="stmt"/>
        <line num="111" count="71" type="stmt"/>
        <line num="117" count="71" type="stmt"/>
        <line num="126" count="186" type="stmt"/>
      </file>
      <file name="watcher.ts" path="F:\web\project\mvvm_jest\mvvm\src\watcher.ts">
        <metrics statements="57" coveredstatements="57" conditionals="14" coveredconditionals="14" methods="15" coveredmethods="15"/>
        <line num="5" count="6" type="stmt"/>
        <line num="41" count="88" type="stmt"/>
        <line num="57" count="88" type="stmt"/>
        <line num="64" count="88" type="stmt"/>
        <line num="73" count="88" type="stmt"/>
        <line num="85" count="88" type="stmt"/>
        <line num="99" count="135" type="stmt"/>
        <line num="100" count="135" type="stmt"/>
        <line num="102" count="1" type="stmt"/>
        <line num="115" count="186" type="cond" truecount="2" falsecount="0"/>
        <line num="116" count="139" type="stmt"/>
        <line num="118" count="47" type="stmt"/>
        <line num="120" count="47" type="stmt"/>
        <line num="121" count="164" type="stmt"/>
        <line num="124" count="88" type="stmt"/>
        <line num="133" count="6" type="stmt"/>
        <line num="134" count="1" type="stmt"/>
        <line num="136" count="6" type="stmt"/>
        <line num="145" count="88" type="stmt"/>
        <line num="146" count="88" type="stmt"/>
        <line num="147" count="88" type="stmt"/>
        <line num="148" count="87" type="stmt"/>
        <line num="156" count="44" type="stmt"/>
        <line num="166" count="44" type="stmt"/>
        <line num="168" count="44" type="stmt"/>
        <line num="177" count="135" type="stmt"/>
        <line num="179" count="135" type="cond" truecount="2" falsecount="0"/>
        <line num="182" count="134" type="cond" truecount="4" falsecount="0"/>
        <line num="183" count="22" type="stmt"/>
        <line num="186" count="134" type="stmt"/>
        <line num="189" count="134" type="stmt"/>
        <line num="191" count="134" type="stmt"/>
        <line num="192" count="134" type="stmt"/>
        <line num="196" count="134" type="stmt"/>
        <line num="206" count="6" type="stmt"/>
        <line num="208" count="6" type="stmt"/>
        <line num="209" count="7" type="stmt"/>
        <line num="212" count="6" type="stmt"/>
        <line num="213" count="6" type="stmt"/>
        <line num="215" count="6" type="stmt"/>
        <line num="224" count="990" type="stmt"/>
        <line num="226" count="990" type="cond" truecount="2" falsecount="0"/>
        <line num="227" count="584" type="stmt"/>
        <line num="229" count="990" type="stmt"/>
        <line num="230" count="990" type="stmt"/>
        <line num="242" count="134" type="stmt"/>
        <line num="243" count="134" type="stmt"/>
        <line num="244" count="134" type="stmt"/>
        <line num="245" count="217" type="stmt"/>
        <line num="247" count="134" type="stmt"/>
        <line num="248" count="10" type="stmt"/>
        <line num="249" count="20" type="stmt"/>
        <line num="250" count="20" type="stmt"/>
        <line num="251" count="20" type="cond" truecount="2" falsecount="0"/>
        <line num="252" count="10" type="stmt"/>
        <line num="253" count="12" type="cond" truecount="2" falsecount="0"/>
        <line num="254" count="1" type="stmt"/>
      </file>
    </package>
    <package name="src.parser">
      <metrics statements="209" coveredstatements="209" conditionals="110" coveredconditionals="110" methods="36" coveredmethods="36"/>
      <file name="base.ts" path="F:\web\project\mvvm_jest\mvvm\src\parser\base.ts">
        <metrics statements="5" coveredstatements="5" conditionals="8" coveredconditionals="8" methods="1" coveredmethods="1"/>
        <line num="115" count="96" type="stmt"/>
        <line num="126" count="96" type="cond" truecount="2" falsecount="0"/>
        <line num="127" count="96" type="cond" truecount="2" falsecount="0"/>
        <line num="128" count="96" type="cond" truecount="2" falsecount="0"/>
        <line num="129" count="96" type="cond" truecount="2" falsecount="0"/>
      </file>
      <file name="class.ts" path="F:\web\project\mvvm_jest\mvvm\src\parser\class.ts">
        <metrics statements="7" coveredstatements="7" conditionals="2" coveredconditionals="2" methods="3" coveredmethods="3"/>
        <line num="18" count="2" type="cond" truecount="2" falsecount="0"/>
        <line num="19" count="1" type="stmt"/>
        <line num="20" count="1" type="stmt"/>
        <line num="21" count="1" type="stmt"/>
        <line num="24" count="2" type="stmt"/>
        <line num="25" count="2" type="stmt"/>
        <line num="26" count="2" type="stmt"/>
      </file>
      <file name="display.ts" path="F:\web\project\mvvm_jest\mvvm\src\parser\display.ts">
        <metrics statements="9" coveredstatements="9" conditionals="12" coveredconditionals="12" methods="2" coveredmethods="2"/>
        <line num="18" count="6" type="stmt"/>
        <line num="19" count="6" type="cond" truecount="2" falsecount="0"/>
        <line num="28" count="12" type="cond" truecount="2" falsecount="0"/>
        <line num="29" count="6" type="cond" truecount="2" falsecount="0"/>
        <line num="30" count="3" type="cond" truecount="2" falsecount="0"/>
        <line num="32" count="3" type="stmt"/>
        <line num="35" count="6" type="cond" truecount="2" falsecount="0"/>
        <line num="36" count="3" type="stmt"/>
        <line num="38" count="3" type="cond" truecount="2" falsecount="0"/>
      </file>
      <file name="for.ts" path="F:\web\project\mvvm_jest\mvvm\src\parser\for.ts">
        <metrics statements="85" coveredstatements="85" conditionals="26" coveredconditionals="26" methods="9" coveredmethods="9"/>
        <line num="22" count="9" type="stmt"/>
        <line num="29" count="9" type="stmt"/>
        <line num="37" count="9" type="stmt"/>
        <line num="45" count="9" type="stmt"/>
        <line num="53" count="9" type="stmt"/>
        <line num="60" count="9" type="stmt"/>
        <line num="67" count="9" type="stmt"/>
        <line num="73" count="9" type="stmt"/>
        <line num="84" count="9" type="stmt"/>
        <line num="86" count="9" type="stmt"/>
        <line num="88" count="9" type="stmt"/>
        <line num="90" count="9" type="cond" truecount="2" falsecount="0"/>
        <line num="91" count="1" type="stmt"/>
        <line num="93" count="8" type="stmt"/>
        <line num="106" count="20" type="cond" truecount="2" falsecount="0"/>
        <line num="107" count="1" type="stmt"/>
        <line num="110" count="19" type="cond" truecount="4" falsecount="0"/>
        <line num="111" count="1" type="stmt"/>
        <line num="114" count="18" type="cond" truecount="2" falsecount="0"/>
        <line num="115" count="6" type="stmt"/>
        <line num="116" count="6" type="stmt"/>
        <line num="117" count="6" type="stmt"/>
        <line num="118" count="6" type="stmt"/>
        <line num="121" count="12" type="cond" truecount="4" falsecount="0"/>
        <line num="122" count="1" type="stmt"/>
        <line num="125" count="11" type="cond" truecount="2" falsecount="0"/>
        <line num="126" count="4" type="stmt"/>
        <line num="127" count="4" type="stmt"/>
        <line num="130" count="7" type="cond" truecount="2" falsecount="0"/>
        <line num="131" count="5" type="stmt"/>
        <line num="132" count="5" type="stmt"/>
        <line num="133" count="5" type="stmt"/>
        <line num="134" count="5" type="cond" truecount="2" falsecount="0"/>
        <line num="135" count="3" type="stmt"/>
        <line num="137" count="2" type="stmt"/>
        <line num="141" count="2" type="stmt"/>
        <line num="152" count="9" type="cond" truecount="2" falsecount="0"/>
        <line num="153" count="2" type="stmt"/>
        <line num="154" count="2" type="stmt"/>
        <line num="155" count="2" type="stmt"/>
        <line num="156" count="2" type="stmt"/>
        <line num="158" count="7" type="stmt"/>
        <line num="159" count="7" type="stmt"/>
        <line num="160" count="7" type="stmt"/>
        <line num="171" count="11" type="stmt"/>
        <line num="172" count="11" type="stmt"/>
        <line num="173" count="11" type="stmt"/>
        <line num="174" count="64" type="stmt"/>
        <line num="175" count="64" type="cond" truecount="2" falsecount="0"/>
        <line num="176" count="42" type="stmt"/>
        <line num="179" count="11" type="stmt"/>
        <line num="190" count="10" type="stmt"/>
        <line num="191" count="10" type="stmt"/>
        <line num="193" count="10" type="stmt"/>
        <line num="194" count="29" type="stmt"/>
        <line num="195" count="29" type="stmt"/>
        <line num="198" count="10" type="stmt"/>
        <line num="208" count="4" type="stmt"/>
        <line num="209" count="4" type="stmt"/>
        <line num="210" count="12" type="stmt"/>
        <line num="212" count="4" type="stmt"/>
        <line num="213" count="4" type="stmt"/>
        <line num="214" count="4" type="stmt"/>
        <line num="224" count="2" type="stmt"/>
        <line num="225" count="2" type="stmt"/>
        <line num="226" count="8" type="stmt"/>
        <line num="228" count="2" type="stmt"/>
        <line num="229" count="2" type="stmt"/>
        <line num="230" count="2" type="stmt"/>
        <line num="243" count="34" type="stmt"/>
        <line num="244" count="34" type="stmt"/>
        <line num="245" count="34" type="stmt"/>
        <line num="247" count="34" type="stmt"/>
        <line num="248" count="34" type="stmt"/>
        <line num="249" count="34" type="stmt"/>
        <line num="251" count="34" type="stmt"/>
        <line num="253" count="34" type="stmt"/>
        <line num="254" count="34" type="stmt"/>
        <line num="256" count="34" type="cond" truecount="2" falsecount="0"/>
        <line num="257" count="15" type="stmt"/>
        <line num="258" count="15" type="stmt"/>
        <line num="261" count="34" type="stmt"/>
        <line num="262" count="34" type="stmt"/>
        <line num="269" count="34" type="stmt"/>
        <line num="270" count="34" type="stmt"/>
      </file>
      <file name="if.ts" path="F:\web\project\mvvm_jest\mvvm\src\parser\if.ts">
        <metrics statements="17" coveredstatements="17" conditionals="8" coveredconditionals="8" methods="2" coveredmethods="2"/>
        <line num="21" count="3" type="stmt"/>
        <line num="29" count="3" type="stmt"/>
        <line num="47" count="3" type="stmt"/>
        <line num="48" count="3" type="stmt"/>
        <line num="50" count="3" type="cond" truecount="2" falsecount="0"/>
        <line num="51" count="1" type="stmt"/>
        <line num="54" count="2" type="stmt"/>
        <line num="55" count="2" type="stmt"/>
        <line num="56" count="2" type="stmt"/>
        <line num="66" count="4" type="stmt"/>
        <line num="68" count="4" type="cond" truecount="2" falsecount="0"/>
        <line num="69" count="2" type="stmt"/>
        <line num="70" count="2" type="stmt"/>
        <line num="72" count="2" type="stmt"/>
        <line num="79" count="2" type="stmt"/>
        <line num="80" count="2" type="cond" truecount="4" falsecount="0"/>
        <line num="81" count="1" type="stmt"/>
      </file>
      <file name="model.ts" path="F:\web\project\mvvm_jest\mvvm\src\parser\model.ts">
        <metrics statements="56" coveredstatements="56" conditionals="42" coveredconditionals="42" methods="10" coveredmethods="10"/>
        <line num="7" count="6" type="stmt"/>
        <line num="25" count="13" type="stmt"/>
        <line num="33" count="13" type="stmt"/>
        <line num="43" count="13" type="stmt"/>
        <line num="44" count="13" type="stmt"/>
        <line num="45" count="12" type="stmt"/>
        <line num="55" count="23" type="cond" truecount="4" falsecount="0"/>
        <line num="57" count="2" type="stmt"/>
        <line num="58" count="2" type="stmt"/>
        <line num="60" count="9" type="stmt"/>
        <line num="61" count="8" type="stmt"/>
        <line num="63" count="4" type="stmt"/>
        <line num="64" count="4" type="stmt"/>
        <line num="66" count="8" type="stmt"/>
        <line num="67" count="6" type="stmt"/>
        <line num="78" count="13" type="stmt"/>
        <line num="79" count="13" type="cond" truecount="2" falsecount="0"/>
        <line num="81" count="13" type="cond" truecount="2" falsecount="0"/>
        <line num="82" count="1" type="stmt"/>
        <line num="85" count="12" type="cond" truecount="2" falsecount="0"/>
        <line num="86" count="1" type="stmt"/>
        <line num="88" count="11" type="stmt"/>
        <line num="114" count="12" type="cond" truecount="2" falsecount="0"/>
        <line num="115" count="4" type="stmt"/>
        <line num="117" count="12" type="cond" truecount="2" falsecount="0"/>
        <line num="118" count="8" type="cond" truecount="2" falsecount="0"/>
        <line num="119" count="3" type="cond" truecount="2" falsecount="0"/>
        <line num="120" count="3" type="stmt"/>
        <line num="121" count="5" type="cond" truecount="2" falsecount="0"/>
        <line num="122" count="3" type="stmt"/>
        <line num="123" count="3" type="stmt"/>
        <line num="124" count="3" type="cond" truecount="2" falsecount="0"/>
        <line num="125" count="1" type="stmt"/>
        <line num="127" count="2" type="cond" truecount="2" falsecount="0"/>
        <line num="130" count="2" type="stmt"/>
        <line num="143" count="2" type="stmt"/>
        <line num="144" count="2" type="stmt"/>
        <line num="145" count="6" type="cond" truecount="2" falsecount="0"/>
        <line num="146" count="1" type="stmt"/>
        <line num="149" count="2" type="stmt"/>
        <line num="159" count="2" type="stmt"/>
        <line num="169" count="9" type="cond" truecount="4" falsecount="0"/>
        <line num="170" count="1" type="stmt"/>
        <line num="172" count="8" type="stmt"/>
        <line num="173" count="8" type="cond" truecount="2" falsecount="0"/>
        <line num="183" count="4" type="stmt"/>
        <line num="193" count="8" type="stmt"/>
        <line num="194" count="8" type="stmt"/>
        <line num="195" count="8" type="stmt"/>
        <line num="198" count="8" type="cond" truecount="4" falsecount="0"/>
        <line num="199" count="1" type="stmt"/>
        <line num="202" count="7" type="cond" truecount="4" falsecount="0"/>
        <line num="203" count="1" type="stmt"/>
        <line num="205" count="6" type="stmt"/>
        <line num="206" count="18" type="stmt"/>
        <line num="208" count="18" type="cond" truecount="2" falsecount="0"/>
      </file>
      <file name="on.ts" path="F:\web\project\mvvm_jest\mvvm\src\parser\on.ts">
        <metrics statements="21" coveredstatements="21" conditionals="10" coveredconditionals="10" methods="5" coveredmethods="5"/>
        <line num="47" count="5" type="stmt"/>
        <line num="49" count="5" type="cond" truecount="2" falsecount="0"/>
        <line num="50" count="2" type="stmt"/>
        <line num="52" count="3" type="stmt"/>
        <line num="54" count="5" type="stmt"/>
        <line num="55" count="7" type="cond" truecount="2" falsecount="0"/>
        <line num="58" count="5" type="stmt"/>
        <line num="59" count="5" type="stmt"/>
        <line num="61" count="1" type="stmt"/>
        <line num="71" count="4" type="stmt"/>
        <line num="72" count="4" type="stmt"/>
        <line num="73" count="4" type="stmt"/>
        <line num="74" count="4" type="cond" truecount="2" falsecount="0"/>
        <line num="76" count="4" type="stmt"/>
        <line num="77" count="1" type="stmt"/>
        <line num="87" count="5" type="stmt"/>
        <line num="89" count="5" type="stmt"/>
        <line num="91" count="5" type="cond" truecount="4" falsecount="0"/>
        <line num="92" count="1" type="stmt"/>
        <line num="95" count="5" type="stmt"/>
        <line num="97" count="4" type="stmt"/>
      </file>
      <file name="other.ts" path="F:\web\project\mvvm_jest\mvvm\src\parser\other.ts">
        <metrics statements="1" coveredstatements="1" conditionals="0" coveredconditionals="0" methods="1" coveredmethods="1"/>
        <line num="17" count="18" type="stmt"/>
      </file>
      <file name="style.ts" path="F:\web\project\mvvm_jest\mvvm\src\parser\style.ts">
        <metrics statements="7" coveredstatements="7" conditionals="2" coveredconditionals="2" methods="2" coveredmethods="2"/>
        <line num="16" count="1" type="stmt"/>
        <line num="25" count="3" type="cond" truecount="2" falsecount="0"/>
        <line num="26" count="2" type="stmt"/>
        <line num="27" count="2" type="stmt"/>
        <line num="28" count="2" type="stmt"/>
        <line num="30" count="2" type="stmt"/>
        <line num="32" count="3" type="stmt"/>
      </file>
      <file name="text.ts" path="F:\web\project\mvvm_jest\mvvm\src\parser\text.ts">
        <metrics statements="1" coveredstatements="1" conditionals="0" coveredconditionals="0" methods="1" coveredmethods="1"/>
        <line num="19" count="49" type="stmt"/>
      </file>
    </package>
  </project>
</coverage>
