{"F:\\web\\project\\mvvm_jest\\mvvm\\src\\compiler.ts": {"path":"F:\\web\\project\\mvvm_jest\\mvvm\\src\\compiler.ts","statementMap":{"0":{"start":{"line":63,"column":45},"end":{"line":63,"column":49}},"1":{"start":{"line":71,"column":47},"end":{"line":71,"column":51}},"2":{"start":{"line":91,"column":25},"end":{"line":91,"column":35}},"3":{"start":{"line":92,"column":28},"end":{"line":92,"column":42}},"4":{"start":{"line":93,"column":29},"end":{"line":93,"column":47}},"5":{"start":{"line":95,"column":4},"end":{"line":95,"column":40}},"6":{"start":{"line":97,"column":4},"end":{"line":97,"column":58}},"7":{"start":{"line":109,"column":16},"end":{"line":109,"column":40}},"8":{"start":{"line":110,"column":25},"end":{"line":110,"column":42}},"9":{"start":{"line":111,"column":19},"end":{"line":111,"column":21}},"10":{"start":{"line":113,"column":4},"end":{"line":129,"column":10}},"11":{"start":{"line":114,"column":21},"end":{"line":114,"column":35}},"12":{"start":{"line":116,"column":6},"end":{"line":119,"column":7}},"13":{"start":{"line":117,"column":8},"end":{"line":117,"column":59}},"14":{"start":{"line":118,"column":8},"end":{"line":118,"column":15}},"15":{"start":{"line":121,"column":28},"end":{"line":121,"column":40}},"16":{"start":{"line":122,"column":27},"end":{"line":122,"column":68}},"17":{"start":{"line":123,"column":26},"end":{"line":123,"column":69}},"18":{"start":{"line":124,"column":32},"end":{"line":124,"column":56}},"19":{"start":{"line":126,"column":6},"end":{"line":126,"column":52}},"20":{"start":{"line":128,"column":6},"end":{"line":128,"column":23}},"21":{"start":{"line":131,"column":4},"end":{"line":131,"column":43}},"22":{"start":{"line":133,"column":4},"end":{"line":133,"column":66}},"23":{"start":{"line":144,"column":26},"end":{"line":144,"column":35}},"24":{"start":{"line":146,"column":4},"end":{"line":167,"column":5}},"25":{"start":{"line":147,"column":26},"end":{"line":147,"column":28}},"26":{"start":{"line":148,"column":38},"end":{"line":148,"column":53}},"27":{"start":{"line":149,"column":35},"end":{"line":149,"column":51}},"28":{"start":{"line":151,"column":6},"end":{"line":161,"column":7}},"29":{"start":{"line":151,"column":19},"end":{"line":151,"column":20}},"30":{"start":{"line":152,"column":27},"end":{"line":152,"column":39}},"31":{"start":{"line":153,"column":8},"end":{"line":155,"column":9}},"32":{"start":{"line":154,"column":10},"end":{"line":154,"column":19}},"33":{"start":{"line":156,"column":8},"end":{"line":159,"column":9}},"34":{"start":{"line":157,"column":10},"end":{"line":157,"column":25}},"35":{"start":{"line":158,"column":10},"end":{"line":158,"column":16}},"36":{"start":{"line":160,"column":8},"end":{"line":160,"column":25}},"37":{"start":{"line":162,"column":6},"end":{"line":164,"column":9}},"38":{"start":{"line":163,"column":8},"end":{"line":163,"column":46}},"39":{"start":{"line":166,"column":6},"end":{"line":166,"column":38}},"40":{"start":{"line":182,"column":36},"end":{"line":182,"column":83}},"41":{"start":{"line":183,"column":4},"end":{"line":186,"column":5}},"42":{"start":{"line":184,"column":6},"end":{"line":184,"column":33}},"43":{"start":{"line":185,"column":6},"end":{"line":185,"column":13}},"44":{"start":{"line":188,"column":34},"end":{"line":188,"column":61}},"45":{"start":{"line":190,"column":4},"end":{"line":190,"column":29}},"46":{"start":{"line":192,"column":4},"end":{"line":192,"column":53}},"47":{"start":{"line":206,"column":23},"end":{"line":206,"column":31}},"48":{"start":{"line":208,"column":4},"end":{"line":210,"column":5}},"49":{"start":{"line":209,"column":6},"end":{"line":209,"column":18}},"50":{"start":{"line":211,"column":4},"end":{"line":213,"column":5}},"51":{"start":{"line":212,"column":6},"end":{"line":212,"column":23}},"52":{"start":{"line":214,"column":4},"end":{"line":216,"column":5}},"53":{"start":{"line":215,"column":6},"end":{"line":215,"column":21}},"54":{"start":{"line":218,"column":27},"end":{"line":228,"column":5}},"55":{"start":{"line":229,"column":4},"end":{"line":229,"column":90}},"56":{"start":{"line":239,"column":4},"end":{"line":241,"column":5}},"57":{"start":{"line":240,"column":6},"end":{"line":240,"column":13}},"58":{"start":{"line":243,"column":4},"end":{"line":243,"column":52}},"59":{"start":{"line":245,"column":4},"end":{"line":245,"column":26}},"60":{"start":{"line":247,"column":4},"end":{"line":249,"column":5}},"61":{"start":{"line":248,"column":6},"end":{"line":248,"column":34}},"62":{"start":{"line":258,"column":32},"end":{"line":258,"column":36}},"63":{"start":{"line":265,"column":31},"end":{"line":265,"column":33}},"64":{"start":{"line":273,"column":4},"end":{"line":273,"column":36}},"65":{"start":{"line":274,"column":4},"end":{"line":274,"column":35}},"66":{"start":{"line":275,"column":4},"end":{"line":275,"column":17}},"67":{"start":{"line":277,"column":4},"end":{"line":285,"column":5}},"68":{"start":{"line":278,"column":51},"end":{"line":278,"column":86}},"69":{"start":{"line":279,"column":43},"end":{"line":279,"column":57}},"70":{"start":{"line":280,"column":29},"end":{"line":280,"column":49}},"71":{"start":{"line":282,"column":6},"end":{"line":284,"column":9}},"72":{"start":{"line":283,"column":8},"end":{"line":283,"column":53}},"73":{"start":{"line":287,"column":4},"end":{"line":287,"column":56}},"74":{"start":{"line":288,"column":4},"end":{"line":288,"column":77}},"75":{"start":{"line":301,"column":4},"end":{"line":303,"column":5}},"76":{"start":{"line":302,"column":6},"end":{"line":302,"column":61}},"77":{"start":{"line":305,"column":21},"end":{"line":305,"column":39}},"78":{"start":{"line":306,"column":32},"end":{"line":306,"column":47}},"79":{"start":{"line":308,"column":4},"end":{"line":321,"column":5}},"80":{"start":{"line":308,"column":17},"end":{"line":308,"column":18}},"81":{"start":{"line":309,"column":30},"end":{"line":309,"column":41}},"82":{"start":{"line":310,"column":31},"end":{"line":310,"column":44}},"83":{"start":{"line":312,"column":6},"end":{"line":314,"column":7}},"84":{"start":{"line":313,"column":8},"end":{"line":313,"column":17}},"85":{"start":{"line":315,"column":6},"end":{"line":317,"column":7}},"86":{"start":{"line":316,"column":8},"end":{"line":316,"column":40}},"87":{"start":{"line":318,"column":6},"end":{"line":320,"column":7}},"88":{"start":{"line":319,"column":8},"end":{"line":319,"column":78}},"89":{"start":{"line":323,"column":4},"end":{"line":330,"column":5}},"90":{"start":{"line":324,"column":6},"end":{"line":328,"column":7}},"91":{"start":{"line":324,"column":19},"end":{"line":324,"column":20}},"92":{"start":{"line":325,"column":8},"end":{"line":325,"column":41}},"93":{"start":{"line":326,"column":8},"end":{"line":326,"column":33}},"94":{"start":{"line":327,"column":8},"end":{"line":327,"column":12}},"95":{"start":{"line":329,"column":6},"end":{"line":329,"column":30}}},"fnMap":{"0":{"name":"(anonymous_0)","decl":{"start":{"line":90,"column":2},"end":{"line":90,"column":3}},"loc":{"start":{"line":90,"column":70},"end":{"line":98,"column":3}},"line":90},"1":{"name":"(anonymous_1)","decl":{"start":{"line":108,"column":2},"end":{"line":108,"column":3}},"loc":{"start":{"line":108,"column":64},"end":{"line":134,"column":3}},"line":108},"2":{"name":"parse","decl":{"start":{"line":113,"column":15},"end":{"line":113,"column":20}},"loc":{"start":{"line":113,"column":44},"end":{"line":129,"column":5}},"line":113},"3":{"name":"(anonymous_3)","decl":{"start":{"line":143,"column":2},"end":{"line":143,"column":3}},"loc":{"start":{"line":143,"column":50},"end":{"line":168,"column":3}},"line":143},"4":{"name":"(anonymous_4)","decl":{"start":{"line":162,"column":16},"end":{"line":162,"column":17}},"loc":{"start":{"line":162,"column":38},"end":{"line":164,"column":7}},"line":162},"5":{"name":"(anonymous_5)","decl":{"start":{"line":180,"column":2},"end":{"line":180,"column":3}},"loc":{"start":{"line":180,"column":86},"end":{"line":193,"column":3}},"line":180},"6":{"name":"(anonymous_6)","decl":{"start":{"line":205,"column":2},"end":{"line":205,"column":3}},"loc":{"start":{"line":205,"column":91},"end":{"line":230,"column":3}},"line":205},"7":{"name":"(anonymous_7)","decl":{"start":{"line":238,"column":2},"end":{"line":238,"column":3}},"loc":{"start":{"line":238,"column":43},"end":{"line":250,"column":3}},"line":238},"8":{"name":"(anonymous_8)","decl":{"start":{"line":272,"column":2},"end":{"line":272,"column":3}},"loc":{"start":{"line":272,"column":56},"end":{"line":289,"column":3}},"line":272},"9":{"name":"(anonymous_9)","decl":{"start":{"line":282,"column":19},"end":{"line":282,"column":20}},"loc":{"start":{"line":282,"column":42},"end":{"line":284,"column":7}},"line":282},"10":{"name":"(anonymous_10)","decl":{"start":{"line":300,"column":2},"end":{"line":300,"column":3}},"loc":{"start":{"line":300,"column":87},"end":{"line":331,"column":3}},"line":300}},"branchMap":{"0":{"loc":{"start":{"line":116,"column":6},"end":{"line":119,"column":7}},"type":"if","locations":[{"start":{"line":116,"column":6},"end":{"line":119,"column":7}},{"start":{},"end":{}}],"line":116},"1":{"loc":{"start":{"line":146,"column":4},"end":{"line":167,"column":5}},"type":"if","locations":[{"start":{"line":146,"column":4},"end":{"line":167,"column":5}},{"start":{"line":165,"column":11},"end":{"line":167,"column":5}}],"line":146},"2":{"loc":{"start":{"line":153,"column":8},"end":{"line":155,"column":9}},"type":"if","locations":[{"start":{"line":153,"column":8},"end":{"line":155,"column":9}},{"start":{},"end":{}}],"line":153},"3":{"loc":{"start":{"line":156,"column":8},"end":{"line":159,"column":9}},"type":"if","locations":[{"start":{"line":156,"column":8},"end":{"line":159,"column":9}},{"start":{},"end":{}}],"line":156},"4":{"loc":{"start":{"line":183,"column":4},"end":{"line":186,"column":5}},"type":"if","locations":[{"start":{"line":183,"column":4},"end":{"line":186,"column":5}},{"start":{},"end":{}}],"line":183},"5":{"loc":{"start":{"line":208,"column":4},"end":{"line":210,"column":5}},"type":"if","locations":[{"start":{"line":208,"column":4},"end":{"line":210,"column":5}},{"start":{},"end":{}}],"line":208},"6":{"loc":{"start":{"line":211,"column":4},"end":{"line":213,"column":5}},"type":"if","locations":[{"start":{"line":211,"column":4},"end":{"line":213,"column":5}},{"start":{},"end":{}}],"line":211},"7":{"loc":{"start":{"line":214,"column":4},"end":{"line":216,"column":5}},"type":"if","locations":[{"start":{"line":214,"column":4},"end":{"line":216,"column":5}},{"start":{},"end":{}}],"line":214},"8":{"loc":{"start":{"line":239,"column":4},"end":{"line":241,"column":5}},"type":"if","locations":[{"start":{"line":239,"column":4},"end":{"line":241,"column":5}},{"start":{},"end":{}}],"line":239},"9":{"loc":{"start":{"line":247,"column":4},"end":{"line":249,"column":5}},"type":"if","locations":[{"start":{"line":247,"column":4},"end":{"line":249,"column":5}},{"start":{},"end":{}}],"line":247},"10":{"loc":{"start":{"line":277,"column":4},"end":{"line":285,"column":5}},"type":"if","locations":[{"start":{"line":277,"column":4},"end":{"line":285,"column":5}},{"start":{},"end":{}}],"line":277},"11":{"loc":{"start":{"line":300,"column":39},"end":{"line":300,"column":51}},"type":"default-arg","locations":[{"start":{"line":300,"column":47},"end":{"line":300,"column":51}}],"line":300},"12":{"loc":{"start":{"line":301,"column":4},"end":{"line":303,"column":5}},"type":"if","locations":[{"start":{"line":301,"column":4},"end":{"line":303,"column":5}},{"start":{},"end":{}}],"line":301},"13":{"loc":{"start":{"line":301,"column":8},"end":{"line":301,"column":50}},"type":"binary-expr","locations":[{"start":{"line":301,"column":8},"end":{"line":301,"column":14}},{"start":{"line":301,"column":18},"end":{"line":301,"column":50}}],"line":301},"14":{"loc":{"start":{"line":312,"column":6},"end":{"line":314,"column":7}},"type":"if","locations":[{"start":{"line":312,"column":6},"end":{"line":314,"column":7}},{"start":{},"end":{}}],"line":312},"15":{"loc":{"start":{"line":312,"column":10},"end":{"line":312,"column":42}},"type":"binary-expr","locations":[{"start":{"line":312,"column":10},"end":{"line":312,"column":24}},{"start":{"line":312,"column":28},"end":{"line":312,"column":42}}],"line":312},"16":{"loc":{"start":{"line":315,"column":6},"end":{"line":317,"column":7}},"type":"if","locations":[{"start":{"line":315,"column":6},"end":{"line":317,"column":7}},{"start":{},"end":{}}],"line":315},"17":{"loc":{"start":{"line":318,"column":6},"end":{"line":320,"column":7}},"type":"if","locations":[{"start":{"line":318,"column":6},"end":{"line":320,"column":7}},{"start":{},"end":{}}],"line":318},"18":{"loc":{"start":{"line":318,"column":10},"end":{"line":318,"column":74}},"type":"binary-expr","locations":[{"start":{"line":318,"column":10},"end":{"line":318,"column":30}},{"start":{"line":318,"column":34},"end":{"line":318,"column":74}}],"line":318},"19":{"loc":{"start":{"line":323,"column":4},"end":{"line":330,"column":5}},"type":"if","locations":[{"start":{"line":323,"column":4},"end":{"line":330,"column":5}},{"start":{},"end":{}}],"line":323}},"s":{"0":12,"1":12,"2":95,"3":95,"4":95,"5":95,"6":95,"7":1,"8":1,"9":1,"10":1,"11":2,"12":2,"13":1,"14":1,"15":1,"16":1,"17":1,"18":1,"19":1,"20":1,"21":1,"22":1,"23":97,"24":97,"25":96,"26":96,"27":96,"28":96,"29":96,"30":123,"31":123,"32":28,"33":95,"34":9,"35":9,"36":86,"37":96,"38":95,"39":1,"40":96,"41":93,"42":5,"43":4,"44":88,"45":87,"46":87,"47":96,"48":96,"49":5,"50":96,"51":6,"52":96,"53":12,"54":96,"55":96,"56":39,"57":36,"58":3,"59":3,"60":3,"61":1,"62":12,"63":12,"64":12,"65":12,"66":12,"67":12,"68":1,"69":1,"70":1,"71":1,"72":1,"73":12,"74":12,"75":78,"76":12,"77":78,"78":78,"79":78,"80":78,"81":252,"82":252,"83":252,"84":1,"85":251,"86":84,"87":251,"88":30,"89":78,"90":48,"91":48,"92":97,"93":88,"94":88,"95":39},"f":{"0":95,"1":1,"2":2,"3":97,"4":95,"5":96,"6":96,"7":39,"8":12,"9":1,"10":78},"b":{"0":[1,1],"1":[96,1],"2":[28,95],"3":[9,86],"4":[5,88],"5":[5,91],"6":[6,90],"7":[12,84],"8":[36,3],"9":[1,2],"10":[1,11],"11":[12],"12":[12,66],"13":[78,48],"14":[1,251],"15":[252,149],"16":[84,167],"17":[30,221],"18":[251,42],"19":[48,30]},"_coverageSchema":"1a1c01bbd47fc00a2c39e90264f33305004495a9","hash":"ac8fb65aa7d1a0483f05b5843eab54cd553b9e04"}
,"F:\\web\\project\\mvvm_jest\\mvvm\\src\\dep.ts": {"path":"F:\\web\\project\\mvvm_jest\\mvvm\\src\\dep.ts","statementMap":{"0":{"start":{"line":26,"column":56},"end":{"line":26,"column":58}},"1":{"start":{"line":34,"column":50},"end":{"line":34,"column":54}},"2":{"start":{"line":44,"column":4},"end":{"line":46,"column":5}},"3":{"start":{"line":45,"column":6},"end":{"line":45,"column":39}},"4":{"start":{"line":47,"column":4},"end":{"line":47,"column":40}},"5":{"start":{"line":57,"column":4},"end":{"line":59,"column":5}},"6":{"start":{"line":58,"column":6},"end":{"line":58,"column":39}},"7":{"start":{"line":60,"column":4},"end":{"line":60,"column":34}},"8":{"start":{"line":71,"column":4},"end":{"line":71,"column":37}},"9":{"start":{"line":82,"column":4},"end":{"line":84,"column":5}},"10":{"start":{"line":83,"column":6},"end":{"line":83,"column":13}},"11":{"start":{"line":85,"column":4},"end":{"line":87,"column":7}},"12":{"start":{"line":86,"column":6},"end":{"line":86,"column":26}},"13":{"start":{"line":99,"column":4},"end":{"line":101,"column":5}},"14":{"start":{"line":100,"column":6},"end":{"line":100,"column":13}},"15":{"start":{"line":102,"column":4},"end":{"line":104,"column":7}},"16":{"start":{"line":103,"column":6},"end":{"line":103,"column":27}},"17":{"start":{"line":115,"column":21},"end":{"line":115,"column":60}},"18":{"start":{"line":116,"column":4},"end":{"line":120,"column":5}},"19":{"start":{"line":117,"column":6},"end":{"line":119,"column":9}},"20":{"start":{"line":118,"column":8},"end":{"line":118,"column":32}}},"fnMap":{"0":{"name":"(anonymous_0)","decl":{"start":{"line":43,"column":2},"end":{"line":43,"column":3}},"loc":{"start":{"line":43,"column":40},"end":{"line":48,"column":3}},"line":43},"1":{"name":"(anonymous_1)","decl":{"start":{"line":56,"column":2},"end":{"line":56,"column":3}},"loc":{"start":{"line":56,"column":55},"end":{"line":61,"column":3}},"line":56},"2":{"name":"(anonymous_2)","decl":{"start":{"line":70,"column":2},"end":{"line":70,"column":3}},"loc":{"start":{"line":70,"column":58},"end":{"line":72,"column":3}},"line":70},"3":{"name":"(anonymous_3)","decl":{"start":{"line":81,"column":2},"end":{"line":81,"column":3}},"loc":{"start":{"line":81,"column":41},"end":{"line":88,"column":3}},"line":81},"4":{"name":"(anonymous_4)","decl":{"start":{"line":85,"column":32},"end":{"line":85,"column":33}},"loc":{"start":{"line":85,"column":62},"end":{"line":87,"column":5}},"line":85},"5":{"name":"(anonymous_5)","decl":{"start":{"line":98,"column":2},"end":{"line":98,"column":3}},"loc":{"start":{"line":98,"column":53},"end":{"line":105,"column":3}},"line":98},"6":{"name":"(anonymous_6)","decl":{"start":{"line":102,"column":32},"end":{"line":102,"column":33}},"loc":{"start":{"line":102,"column":62},"end":{"line":104,"column":5}},"line":102},"7":{"name":"(anonymous_7)","decl":{"start":{"line":114,"column":2},"end":{"line":114,"column":3}},"loc":{"start":{"line":114,"column":56},"end":{"line":121,"column":3}},"line":114},"8":{"name":"(anonymous_8)","decl":{"start":{"line":117,"column":23},"end":{"line":117,"column":24}},"loc":{"start":{"line":117,"column":53},"end":{"line":119,"column":7}},"line":117}},"branchMap":{"0":{"loc":{"start":{"line":44,"column":4},"end":{"line":46,"column":5}},"type":"if","locations":[{"start":{"line":44,"column":4},"end":{"line":46,"column":5}},{"start":{},"end":{}}],"line":44},"1":{"loc":{"start":{"line":57,"column":4},"end":{"line":59,"column":5}},"type":"if","locations":[{"start":{"line":57,"column":4},"end":{"line":59,"column":5}},{"start":{},"end":{}}],"line":57},"2":{"loc":{"start":{"line":82,"column":4},"end":{"line":84,"column":5}},"type":"if","locations":[{"start":{"line":82,"column":4},"end":{"line":84,"column":5}},{"start":{},"end":{}}],"line":82},"3":{"loc":{"start":{"line":99,"column":4},"end":{"line":101,"column":5}},"type":"if","locations":[{"start":{"line":99,"column":4},"end":{"line":101,"column":5}},{"start":{},"end":{}}],"line":99},"4":{"loc":{"start":{"line":116,"column":4},"end":{"line":120,"column":5}},"type":"if","locations":[{"start":{"line":116,"column":4},"end":{"line":120,"column":5}},{"start":{},"end":{}}],"line":116}},"s":{"0":71,"1":6,"2":990,"3":169,"4":990,"5":994,"6":2,"7":994,"8":10,"9":22,"10":2,"11":20,"12":44,"13":22,"14":2,"15":20,"16":44,"17":4,"18":4,"19":2,"20":4},"f":{"0":990,"1":994,"2":10,"3":22,"4":44,"5":22,"6":44,"7":4,"8":4},"b":{"0":[169,821],"1":[2,992],"2":[2,20],"3":[2,20],"4":[2,2]},"_coverageSchema":"1a1c01bbd47fc00a2c39e90264f33305004495a9","hash":"774a705ac86a269ed584f8f9357a87857024907e"}
,"F:\\web\\project\\mvvm_jest\\mvvm\\src\\index.ts": {"path":"F:\\web\\project\\mvvm_jest\\mvvm\\src\\index.ts","statementMap":{},"fnMap":{},"branchMap":{},"s":{},"f":{},"b":{},"_coverageSchema":"1a1c01bbd47fc00a2c39e90264f33305004495a9","hash":"6cfc529ef2bcdf01629aa4cdba82238cd8226528"}
,"F:\\web\\project\\mvvm_jest\\mvvm\\src\\mvvm.ts": {"path":"F:\\web\\project\\mvvm_jest\\mvvm\\src\\mvvm.ts","statementMap":{"0":{"start":{"line":60,"column":38},"end":{"line":60,"column":40}},"1":{"start":{"line":70,"column":27},"end":{"line":70,"column":50}},"2":{"start":{"line":71,"column":20},"end":{"line":71,"column":31}},"3":{"start":{"line":73,"column":4},"end":{"line":86,"column":5}},"4":{"start":{"line":74,"column":26},"end":{"line":74,"column":33}},"5":{"start":{"line":76,"column":6},"end":{"line":85,"column":9}},"6":{"start":{"line":80,"column":10},"end":{"line":80,"column":33}},"7":{"start":{"line":83,"column":10},"end":{"line":83,"column":32}},"8":{"start":{"line":95,"column":4},"end":{"line":97,"column":5}},"9":{"start":{"line":96,"column":6},"end":{"line":96,"column":42}},"10":{"start":{"line":98,"column":4},"end":{"line":100,"column":5}},"11":{"start":{"line":99,"column":6},"end":{"line":99,"column":55}},"12":{"start":{"line":101,"column":4},"end":{"line":103,"column":5}},"13":{"start":{"line":102,"column":6},"end":{"line":102,"column":48}},"14":{"start":{"line":106,"column":4},"end":{"line":106,"column":79}},"15":{"start":{"line":108,"column":4},"end":{"line":108,"column":18}},"16":{"start":{"line":110,"column":4},"end":{"line":110,"column":31}}},"fnMap":{"0":{"name":"(anonymous_0)","decl":{"start":{"line":69,"column":2},"end":{"line":69,"column":3}},"loc":{"start":{"line":69,"column":25},"end":{"line":87,"column":3}},"line":69},"1":{"name":"(anonymous_1)","decl":{"start":{"line":79,"column":13},"end":{"line":79,"column":14}},"loc":{"start":{"line":79,"column":27},"end":{"line":81,"column":9}},"line":79},"2":{"name":"(anonymous_2)","decl":{"start":{"line":82,"column":13},"end":{"line":82,"column":14}},"loc":{"start":{"line":82,"column":30},"end":{"line":84,"column":9}},"line":82},"3":{"name":"(anonymous_3)","decl":{"start":{"line":94,"column":2},"end":{"line":94,"column":3}},"loc":{"start":{"line":94,"column":41},"end":{"line":111,"column":3}},"line":94}},"branchMap":{"0":{"loc":{"start":{"line":95,"column":4},"end":{"line":97,"column":5}},"type":"if","locations":[{"start":{"line":95,"column":4},"end":{"line":97,"column":5}},{"start":{},"end":{}}],"line":95},"1":{"loc":{"start":{"line":98,"column":4},"end":{"line":100,"column":5}},"type":"if","locations":[{"start":{"line":98,"column":4},"end":{"line":100,"column":5}},{"start":{},"end":{}}],"line":98},"2":{"loc":{"start":{"line":98,"column":8},"end":{"line":98,"column":66}},"type":"binary-expr","locations":[{"start":{"line":98,"column":8},"end":{"line":98,"column":20}},{"start":{"line":98,"column":25},"end":{"line":98,"column":38}},{"start":{"line":98,"column":42},"end":{"line":98,"column":65}}],"line":98},"3":{"loc":{"start":{"line":101,"column":4},"end":{"line":103,"column":5}},"type":"if","locations":[{"start":{"line":101,"column":4},"end":{"line":103,"column":5}},{"start":{},"end":{}}],"line":101},"4":{"loc":{"start":{"line":101,"column":8},"end":{"line":101,"column":68}},"type":"binary-expr","locations":[{"start":{"line":101,"column":8},"end":{"line":101,"column":21}},{"start":{"line":101,"column":26},"end":{"line":101,"column":40}},{"start":{"line":101,"column":44},"end":{"line":101,"column":67}}],"line":101}},"s":{"0":15,"1":12,"2":12,"3":12,"4":18,"5":18,"6":6,"7":12,"8":15,"9":1,"10":14,"11":1,"12":13,"13":1,"14":12,"15":12,"16":12},"f":{"0":12,"1":6,"2":12,"3":15},"b":{"0":[1,14],"1":[1,13],"2":[14,13,13],"3":[1,12],"4":[13,13,13]},"_coverageSchema":"1a1c01bbd47fc00a2c39e90264f33305004495a9","hash":"c20e82d7fd49b9dbf726c63268cd132b815366d4"}
,"F:\\web\\project\\mvvm_jest\\mvvm\\src\\observer.ts": {"path":"F:\\web\\project\\mvvm_jest\\mvvm\\src\\observer.ts","statementMap":{"0":{"start":{"line":24,"column":22},"end":{"line":24,"column":26}},"1":{"start":{"line":33,"column":4},"end":{"line":36,"column":5}},"2":{"start":{"line":34,"column":6},"end":{"line":34,"column":23}},"3":{"start":{"line":35,"column":6},"end":{"line":35,"column":13}},"4":{"start":{"line":37,"column":4},"end":{"line":40,"column":5}},"5":{"start":{"line":38,"column":6},"end":{"line":38,"column":44}},"6":{"start":{"line":39,"column":6},"end":{"line":39,"column":13}},"7":{"start":{"line":41,"column":4},"end":{"line":41,"column":21}},"8":{"start":{"line":54,"column":26},"end":{"line":54,"column":35}},"9":{"start":{"line":55,"column":27},"end":{"line":55,"column":44}},"10":{"start":{"line":57,"column":4},"end":{"line":60,"column":7}},"11":{"start":{"line":58,"column":25},"end":{"line":58,"column":34}},"12":{"start":{"line":59,"column":6},"end":{"line":59,"column":67}},"13":{"start":{"line":62,"column":39},"end":{"line":106,"column":5}},"14":{"start":{"line":64,"column":8},"end":{"line":66,"column":9}},"15":{"start":{"line":65,"column":10},"end":{"line":65,"column":47}},"16":{"start":{"line":69,"column":8},"end":{"line":72,"column":9}},"17":{"start":{"line":70,"column":10},"end":{"line":70,"column":45}},"18":{"start":{"line":71,"column":10},"end":{"line":71,"column":57}},"19":{"start":{"line":74,"column":8},"end":{"line":74,"column":45}},"20":{"start":{"line":77,"column":8},"end":{"line":79,"column":9}},"21":{"start":{"line":78,"column":10},"end":{"line":78,"column":22}},"22":{"start":{"line":81,"column":31},"end":{"line":85,"column":9}},"23":{"start":{"line":88,"column":8},"end":{"line":90,"column":9}},"24":{"start":{"line":89,"column":10},"end":{"line":89,"column":50}},"25":{"start":{"line":92,"column":8},"end":{"line":94,"column":9}},"26":{"start":{"line":93,"column":10},"end":{"line":93,"column":57}},"27":{"start":{"line":96,"column":8},"end":{"line":96,"column":49}},"28":{"start":{"line":98,"column":8},"end":{"line":98,"column":81}},"29":{"start":{"line":100,"column":8},"end":{"line":100,"column":56}},"30":{"start":{"line":102,"column":8},"end":{"line":102,"column":52}},"31":{"start":{"line":104,"column":8},"end":{"line":104,"column":20}},"32":{"start":{"line":108,"column":36},"end":{"line":108,"column":60}},"33":{"start":{"line":111,"column":4},"end":{"line":116,"column":7}},"34":{"start":{"line":117,"column":4},"end":{"line":117,"column":17}},"35":{"start":{"line":126,"column":4},"end":{"line":126,"column":21}}},"fnMap":{"0":{"name":"(anonymous_0)","decl":{"start":{"line":32,"column":2},"end":{"line":32,"column":3}},"loc":{"start":{"line":32,"column":46},"end":{"line":42,"column":3}},"line":32},"1":{"name":"(anonymous_1)","decl":{"start":{"line":53,"column":2},"end":{"line":53,"column":3}},"loc":{"start":{"line":53,"column":78},"end":{"line":118,"column":3}},"line":53},"2":{"name":"(anonymous_2)","decl":{"start":{"line":57,"column":17},"end":{"line":57,"column":18}},"loc":{"start":{"line":57,"column":40},"end":{"line":60,"column":5}},"line":57},"3":{"name":"(anonymous_3)","decl":{"start":{"line":63,"column":6},"end":{"line":63,"column":7}},"loc":{"start":{"line":63,"column":64},"end":{"line":75,"column":7}},"line":63},"4":{"name":"(anonymous_4)","decl":{"start":{"line":76,"column":6},"end":{"line":76,"column":7}},"loc":{"start":{"line":76,"column":77},"end":{"line":105,"column":7}},"line":76},"5":{"name":"(anonymous_5)","decl":{"start":{"line":125,"column":2},"end":{"line":125,"column":3}},"loc":{"start":{"line":125,"column":24},"end":{"line":127,"column":3}},"line":125}},"branchMap":{"0":{"loc":{"start":{"line":33,"column":4},"end":{"line":36,"column":5}},"type":"if","locations":[{"start":{"line":33,"column":4},"end":{"line":36,"column":5}},{"start":{},"end":{}}],"line":33},"1":{"loc":{"start":{"line":37,"column":4},"end":{"line":40,"column":5}},"type":"if","locations":[{"start":{"line":37,"column":4},"end":{"line":40,"column":5}},{"start":{},"end":{}}],"line":37},"2":{"loc":{"start":{"line":37,"column":8},"end":{"line":37,"column":39}},"type":"binary-expr","locations":[{"start":{"line":37,"column":8},"end":{"line":37,"column":22}},{"start":{"line":37,"column":26},"end":{"line":37,"column":39}}],"line":37},"3":{"loc":{"start":{"line":64,"column":8},"end":{"line":66,"column":9}},"type":"if","locations":[{"start":{"line":64,"column":8},"end":{"line":66,"column":9}},{"start":{},"end":{}}],"line":64},"4":{"loc":{"start":{"line":64,"column":12},"end":{"line":64,"column":76}},"type":"binary-expr","locations":[{"start":{"line":64,"column":12},"end":{"line":64,"column":44}},{"start":{"line":64,"column":48},"end":{"line":64,"column":76}}],"line":64},"5":{"loc":{"start":{"line":69,"column":8},"end":{"line":72,"column":9}},"type":"if","locations":[{"start":{"line":69,"column":8},"end":{"line":72,"column":9}},{"start":{},"end":{}}],"line":69},"6":{"loc":{"start":{"line":77,"column":8},"end":{"line":79,"column":9}},"type":"if","locations":[{"start":{"line":77,"column":8},"end":{"line":79,"column":9}},{"start":{},"end":{}}],"line":77},"7":{"loc":{"start":{"line":88,"column":8},"end":{"line":90,"column":9}},"type":"if","locations":[{"start":{"line":88,"column":8},"end":{"line":90,"column":9}},{"start":{},"end":{}}],"line":88},"8":{"loc":{"start":{"line":92,"column":8},"end":{"line":94,"column":9}},"type":"if","locations":[{"start":{"line":92,"column":8},"end":{"line":94,"column":9}},{"start":{},"end":{}}],"line":92}},"s":{"0":186,"1":186,"2":10,"3":10,"4":176,"5":71,"6":71,"7":105,"8":71,"9":71,"10":71,"11":118,"12":118,"13":71,"14":1094,"15":299,"16":795,"17":495,"18":495,"19":795,"20":31,"21":9,"22":22,"23":22,"24":5,"25":22,"26":4,"27":22,"28":22,"29":22,"30":22,"31":22,"32":71,"33":71,"34":71,"35":186},"f":{"0":186,"1":71,"2":118,"3":1094,"4":31,"5":186},"b":{"0":[10,176],"1":[71,105],"2":[176,119],"3":[299,795],"4":[1094,478],"5":[495,300],"6":[9,22],"7":[5,17],"8":[4,18]},"_coverageSchema":"1a1c01bbd47fc00a2c39e90264f33305004495a9","hash":"e9dff702c6c230545f910e552aead187c8b083c9"}
,"F:\\web\\project\\mvvm_jest\\mvvm\\src\\watcher.ts": {"path":"F:\\web\\project\\mvvm_jest\\mvvm\\src\\watcher.ts","statementMap":{"0":{"start":{"line":5,"column":9},"end":{"line":5,"column":10}},"1":{"start":{"line":41,"column":46},"end":{"line":41,"column":50}},"2":{"start":{"line":57,"column":24},"end":{"line":57,"column":28}},"3":{"start":{"line":64,"column":22},"end":{"line":64,"column":26}},"4":{"start":{"line":73,"column":29},"end":{"line":76,"column":3}},"5":{"start":{"line":85,"column":32},"end":{"line":88,"column":3}},"6":{"start":{"line":99,"column":4},"end":{"line":103,"column":5}},"7":{"start":{"line":100,"column":6},"end":{"line":100,"column":73}},"8":{"start":{"line":102,"column":6},"end":{"line":102,"column":72}},"9":{"start":{"line":115,"column":4},"end":{"line":117,"column":5}},"10":{"start":{"line":116,"column":6},"end":{"line":116,"column":13}},"11":{"start":{"line":118,"column":27},"end":{"line":118,"column":61}},"12":{"start":{"line":120,"column":4},"end":{"line":122,"column":5}},"13":{"start":{"line":120,"column":17},"end":{"line":120,"column":18}},"14":{"start":{"line":121,"column":6},"end":{"line":121,"column":41}},"15":{"start":{"line":124,"column":15},"end":{"line":124,"column":16}},"16":{"start":{"line":133,"column":4},"end":{"line":135,"column":5}},"17":{"start":{"line":134,"column":6},"end":{"line":134,"column":38}},"18":{"start":{"line":136,"column":4},"end":{"line":136,"column":18}},"19":{"start":{"line":145,"column":4},"end":{"line":145,"column":25}},"20":{"start":{"line":146,"column":4},"end":{"line":146,"column":23}},"21":{"start":{"line":147,"column":4},"end":{"line":147,"column":28}},"22":{"start":{"line":148,"column":4},"end":{"line":148,"column":19}},"23":{"start":{"line":156,"column":4},"end":{"line":156,"column":40}},"24":{"start":{"line":166,"column":20},"end":{"line":166,"column":43}},"25":{"start":{"line":168,"column":4},"end":{"line":168,"column":111}},"26":{"start":{"line":177,"column":4},"end":{"line":177,"column":26}},"27":{"start":{"line":179,"column":23},"end":{"line":179,"column":99}},"28":{"start":{"line":182,"column":4},"end":{"line":184,"column":5}},"29":{"start":{"line":183,"column":6},"end":{"line":183,"column":31}},"30":{"start":{"line":186,"column":4},"end":{"line":186,"column":26}},"31":{"start":{"line":189,"column":4},"end":{"line":189,"column":22}},"32":{"start":{"line":191,"column":4},"end":{"line":191,"column":40}},"33":{"start":{"line":192,"column":4},"end":{"line":195,"column":6}},"34":{"start":{"line":196,"column":2},"end":{"line":196,"column":15}},"35":{"start":{"line":206,"column":29},"end":{"line":206,"column":69}},"36":{"start":{"line":208,"column":4},"end":{"line":210,"column":7}},"37":{"start":{"line":209,"column":6},"end":{"line":209,"column":25}},"38":{"start":{"line":212,"column":24},"end":{"line":212,"column":39}},"39":{"start":{"line":213,"column":38},"end":{"line":213,"column":93}},"40":{"start":{"line":215,"column":4},"end":{"line":215,"column":22}},"41":{"start":{"line":224,"column":4},"end":{"line":224,"column":40}},"42":{"start":{"line":226,"column":4},"end":{"line":228,"column":5}},"43":{"start":{"line":227,"column":6},"end":{"line":227,"column":44}},"44":{"start":{"line":229,"column":4},"end":{"line":229,"column":49}},"45":{"start":{"line":230,"column":4},"end":{"line":230,"column":27}},"46":{"start":{"line":242,"column":28},"end":{"line":242,"column":57}},"47":{"start":{"line":243,"column":31},"end":{"line":243,"column":63}},"48":{"start":{"line":244,"column":36},"end":{"line":244,"column":59}},"49":{"start":{"line":245,"column":33},"end":{"line":245,"column":75}},"50":{"start":{"line":245,"column":53},"end":{"line":245,"column":74}},"51":{"start":{"line":247,"column":4},"end":{"line":258,"column":7}},"52":{"start":{"line":248,"column":6},"end":{"line":257,"column":9}},"53":{"start":{"line":249,"column":21},"end":{"line":249,"column":50}},"54":{"start":{"line":250,"column":23},"end":{"line":250,"column":54}},"55":{"start":{"line":251,"column":8},"end":{"line":256,"column":9}},"56":{"start":{"line":252,"column":10},"end":{"line":252,"column":39}},"57":{"start":{"line":253,"column":10},"end":{"line":255,"column":11}},"58":{"start":{"line":253,"column":34},"end":{"line":253,"column":46}},"59":{"start":{"line":254,"column":12},"end":{"line":254,"column":41}}},"fnMap":{"0":{"name":"(anonymous_0)","decl":{"start":{"line":98,"column":2},"end":{"line":98,"column":3}},"loc":{"start":{"line":98,"column":38},"end":{"line":104,"column":3}},"line":98},"1":{"name":"(anonymous_1)","decl":{"start":{"line":114,"column":2},"end":{"line":114,"column":3}},"loc":{"start":{"line":114,"column":68},"end":{"line":123,"column":3}},"line":114},"2":{"name":"(anonymous_2)","decl":{"start":{"line":132,"column":2},"end":{"line":132,"column":3}},"loc":{"start":{"line":132,"column":86},"end":{"line":137,"column":3}},"line":132},"3":{"name":"(anonymous_3)","decl":{"start":{"line":144,"column":2},"end":{"line":144,"column":3}},"loc":{"start":{"line":144,"column":81},"end":{"line":149,"column":3}},"line":144},"4":{"name":"(anonymous_4)","decl":{"start":{"line":155,"column":2},"end":{"line":155,"column":3}},"loc":{"start":{"line":155,"column":30},"end":{"line":157,"column":3}},"line":155},"5":{"name":"(anonymous_5)","decl":{"start":{"line":164,"column":2},"end":{"line":164,"column":3}},"loc":{"start":{"line":164,"column":40},"end":{"line":169,"column":3}},"line":164},"6":{"name":"(anonymous_6)","decl":{"start":{"line":176,"column":2},"end":{"line":176,"column":3}},"loc":{"start":{"line":176,"column":20},"end":{"line":197,"column":3}},"line":176},"7":{"name":"(anonymous_7)","decl":{"start":{"line":205,"column":2},"end":{"line":205,"column":3}},"loc":{"start":{"line":205,"column":31},"end":{"line":216,"column":3}},"line":205},"8":{"name":"(anonymous_8)","decl":{"start":{"line":208,"column":31},"end":{"line":208,"column":32}},"loc":{"start":{"line":208,"column":58},"end":{"line":210,"column":5}},"line":208},"9":{"name":"(anonymous_9)","decl":{"start":{"line":223,"column":2},"end":{"line":223,"column":3}},"loc":{"start":{"line":223,"column":47},"end":{"line":234,"column":3}},"line":223},"10":{"name":"(anonymous_10)","decl":{"start":{"line":241,"column":2},"end":{"line":241,"column":3}},"loc":{"start":{"line":241,"column":28},"end":{"line":259,"column":3}},"line":241},"11":{"name":"(anonymous_11)","decl":{"start":{"line":245,"column":46},"end":{"line":245,"column":47}},"loc":{"start":{"line":245,"column":53},"end":{"line":245,"column":74}},"line":245},"12":{"name":"(anonymous_12)","decl":{"start":{"line":247,"column":23},"end":{"line":247,"column":24}},"loc":{"start":{"line":247,"column":33},"end":{"line":258,"column":5}},"line":247},"13":{"name":"(anonymous_13)","decl":{"start":{"line":248,"column":28},"end":{"line":248,"column":29}},"loc":{"start":{"line":248,"column":40},"end":{"line":257,"column":7}},"line":248},"14":{"name":"(anonymous_14)","decl":{"start":{"line":253,"column":27},"end":{"line":253,"column":28}},"loc":{"start":{"line":253,"column":34},"end":{"line":253,"column":46}},"line":253}},"branchMap":{"0":{"loc":{"start":{"line":115,"column":4},"end":{"line":117,"column":5}},"type":"if","locations":[{"start":{"line":115,"column":4},"end":{"line":117,"column":5}},{"start":{},"end":{}}],"line":115},"1":{"loc":{"start":{"line":179,"column":59},"end":{"line":179,"column":98}},"type":"binary-expr","locations":[{"start":{"line":179,"column":59},"end":{"line":179,"column":69}},{"start":{"line":179,"column":73},"end":{"line":179,"column":98}}],"line":179},"2":{"loc":{"start":{"line":182,"column":4},"end":{"line":184,"column":5}},"type":"if","locations":[{"start":{"line":182,"column":4},"end":{"line":184,"column":5}},{"start":{},"end":{}}],"line":182},"3":{"loc":{"start":{"line":182,"column":8},"end":{"line":182,"column":33}},"type":"binary-expr","locations":[{"start":{"line":182,"column":8},"end":{"line":182,"column":13}},{"start":{"line":182,"column":17},"end":{"line":182,"column":33}}],"line":182},"4":{"loc":{"start":{"line":226,"column":4},"end":{"line":228,"column":5}},"type":"if","locations":[{"start":{"line":226,"column":4},"end":{"line":228,"column":5}},{"start":{},"end":{}}],"line":226},"5":{"loc":{"start":{"line":251,"column":8},"end":{"line":256,"column":9}},"type":"if","locations":[{"start":{"line":251,"column":8},"end":{"line":256,"column":9}},{"start":{},"end":{}}],"line":251},"6":{"loc":{"start":{"line":253,"column":10},"end":{"line":255,"column":11}},"type":"if","locations":[{"start":{"line":253,"column":10},"end":{"line":255,"column":11}},{"start":{},"end":{}}],"line":253}},"s":{"0":6,"1":88,"2":88,"3":88,"4":88,"5":88,"6":135,"7":135,"8":1,"9":186,"10":139,"11":47,"12":47,"13":47,"14":164,"15":88,"16":6,"17":1,"18":6,"19":88,"20":88,"21":88,"22":87,"23":44,"24":44,"25":44,"26":135,"27":135,"28":134,"29":22,"30":134,"31":134,"32":134,"33":134,"34":134,"35":6,"36":6,"37":7,"38":6,"39":6,"40":6,"41":990,"42":990,"43":584,"44":990,"45":990,"46":134,"47":134,"48":134,"49":134,"50":217,"51":134,"52":10,"53":20,"54":20,"55":20,"56":10,"57":10,"58":12,"59":1},"f":{"0":135,"1":186,"2":6,"3":88,"4":44,"5":44,"6":135,"7":6,"8":7,"9":990,"10":134,"11":217,"12":10,"13":20,"14":12},"b":{"0":[139,47],"1":[134,69],"2":[22,112],"3":[134,114],"4":[584,406],"5":[10,10],"6":[1,9]},"_coverageSchema":"1a1c01bbd47fc00a2c39e90264f33305004495a9","hash":"ee6a11ab6e96902c530531b30bd576d23a6d5390"}
,"F:\\web\\project\\mvvm_jest\\mvvm\\src\\parser\\base.ts": {"path":"F:\\web\\project\\mvvm_jest\\mvvm\\src\\parser\\base.ts","statementMap":{"0":{"start":{"line":115,"column":40},"end":{"line":115,"column":44}},"1":{"start":{"line":126,"column":4},"end":{"line":126,"column":30}},"2":{"start":{"line":127,"column":4},"end":{"line":127,"column":40}},"3":{"start":{"line":128,"column":4},"end":{"line":128,"column":43}},"4":{"start":{"line":129,"column":4},"end":{"line":129,"column":26}}},"fnMap":{"0":{"name":"(anonymous_0)","decl":{"start":{"line":125,"column":2},"end":{"line":125,"column":3}},"loc":{"start":{"line":125,"column":68},"end":{"line":130,"column":3}},"line":125}},"branchMap":{"0":{"loc":{"start":{"line":126,"column":4},"end":{"line":126,"column":29}},"type":"binary-expr","locations":[{"start":{"line":126,"column":4},"end":{"line":126,"column":8}},{"start":{"line":126,"column":13},"end":{"line":126,"column":28}}],"line":126},"1":{"loc":{"start":{"line":127,"column":4},"end":{"line":127,"column":39}},"type":"binary-expr","locations":[{"start":{"line":127,"column":4},"end":{"line":127,"column":11}},{"start":{"line":127,"column":16},"end":{"line":127,"column":38}}],"line":127},"2":{"loc":{"start":{"line":128,"column":4},"end":{"line":128,"column":42}},"type":"binary-expr","locations":[{"start":{"line":128,"column":4},"end":{"line":128,"column":12}},{"start":{"line":128,"column":17},"end":{"line":128,"column":41}}],"line":128},"3":{"loc":{"start":{"line":129,"column":4},"end":{"line":129,"column":25}},"type":"binary-expr","locations":[{"start":{"line":129,"column":4},"end":{"line":129,"column":6}},{"start":{"line":129,"column":11},"end":{"line":129,"column":24}}],"line":129}},"s":{"0":96,"1":96,"2":96,"3":96,"4":96},"f":{"0":96},"b":{"0":[96,96],"1":[96,96],"2":[96,96],"3":[96,96]},"_coverageSchema":"1a1c01bbd47fc00a2c39e90264f33305004495a9","hash":"9d3ea527492c389cdc4dfd4f975b56b2e316a523"}
,"F:\\web\\project\\mvvm_jest\\mvvm\\src\\parser\\class.ts": {"path":"F:\\web\\project\\mvvm_jest\\mvvm\\src\\parser\\class.ts","statementMap":{"0":{"start":{"line":18,"column":4},"end":{"line":23,"column":5}},"1":{"start":{"line":19,"column":37},"end":{"line":19,"column":54}},"2":{"start":{"line":20,"column":6},"end":{"line":22,"column":9}},"3":{"start":{"line":21,"column":8},"end":{"line":21,"column":36}},"4":{"start":{"line":24,"column":32},"end":{"line":24,"column":49}},"5":{"start":{"line":25,"column":4},"end":{"line":27,"column":7}},"6":{"start":{"line":26,"column":6},"end":{"line":26,"column":31}}},"fnMap":{"0":{"name":"(anonymous_0)","decl":{"start":{"line":17,"column":2},"end":{"line":17,"column":3}},"loc":{"start":{"line":17,"column":61},"end":{"line":28,"column":3}},"line":17},"1":{"name":"(anonymous_1)","decl":{"start":{"line":20,"column":23},"end":{"line":20,"column":24}},"loc":{"start":{"line":20,"column":47},"end":{"line":22,"column":7}},"line":20},"2":{"name":"(anonymous_2)","decl":{"start":{"line":25,"column":18},"end":{"line":25,"column":19}},"loc":{"start":{"line":25,"column":42},"end":{"line":27,"column":5}},"line":25}},"branchMap":{"0":{"loc":{"start":{"line":18,"column":4},"end":{"line":23,"column":5}},"type":"if","locations":[{"start":{"line":18,"column":4},"end":{"line":23,"column":5}},{"start":{},"end":{}}],"line":18}},"s":{"0":2,"1":1,"2":1,"3":1,"4":2,"5":2,"6":2},"f":{"0":2,"1":1,"2":2},"b":{"0":[1,1]},"_coverageSchema":"1a1c01bbd47fc00a2c39e90264f33305004495a9","hash":"db34feb14ae8b1cfbac0e48eb19a07856c7e6beb"}
,"F:\\web\\project\\mvvm_jest\\mvvm\\src\\parser\\display.ts": {"path":"F:\\web\\project\\mvvm_jest\\mvvm\\src\\parser\\display.ts","statementMap":{"0":{"start":{"line":18,"column":4},"end":{"line":18,"column":43}},"1":{"start":{"line":19,"column":4},"end":{"line":19,"column":127}},"2":{"start":{"line":28,"column":4},"end":{"line":40,"column":5}},"3":{"start":{"line":29,"column":6},"end":{"line":33,"column":7}},"4":{"start":{"line":30,"column":8},"end":{"line":30,"column":109}},"5":{"start":{"line":32,"column":8},"end":{"line":32,"column":40}},"6":{"start":{"line":35,"column":6},"end":{"line":39,"column":7}},"7":{"start":{"line":36,"column":8},"end":{"line":36,"column":40}},"8":{"start":{"line":38,"column":8},"end":{"line":38,"column":109}}},"fnMap":{"0":{"name":"(anonymous_0)","decl":{"start":{"line":17,"column":2},"end":{"line":17,"column":3}},"loc":{"start":{"line":17,"column":68},"end":{"line":20,"column":3}},"line":17},"1":{"name":"(anonymous_1)","decl":{"start":{"line":27,"column":2},"end":{"line":27,"column":3}},"loc":{"start":{"line":27,"column":53},"end":{"line":41,"column":3}},"line":27}},"branchMap":{"0":{"loc":{"start":{"line":19,"column":63},"end":{"line":19,"column":126}},"type":"cond-expr","locations":[{"start":{"line":19,"column":99},"end":{"line":19,"column":101}},{"start":{"line":19,"column":104},"end":{"line":19,"column":126}}],"line":19},"1":{"loc":{"start":{"line":28,"column":4},"end":{"line":40,"column":5}},"type":"if","locations":[{"start":{"line":28,"column":4},"end":{"line":40,"column":5}},{"start":{"line":34,"column":11},"end":{"line":40,"column":5}}],"line":28},"2":{"loc":{"start":{"line":29,"column":6},"end":{"line":33,"column":7}},"type":"if","locations":[{"start":{"line":29,"column":6},"end":{"line":33,"column":7}},{"start":{"line":31,"column":13},"end":{"line":33,"column":7}}],"line":29},"3":{"loc":{"start":{"line":30,"column":33},"end":{"line":30,"column":108}},"type":"cond-expr","locations":[{"start":{"line":30,"column":67},"end":{"line":30,"column":74}},{"start":{"line":30,"column":77},"end":{"line":30,"column":108}}],"line":30},"4":{"loc":{"start":{"line":35,"column":6},"end":{"line":39,"column":7}},"type":"if","locations":[{"start":{"line":35,"column":6},"end":{"line":39,"column":7}},{"start":{"line":37,"column":13},"end":{"line":39,"column":7}}],"line":35},"5":{"loc":{"start":{"line":38,"column":33},"end":{"line":38,"column":108}},"type":"cond-expr","locations":[{"start":{"line":38,"column":67},"end":{"line":38,"column":74}},{"start":{"line":38,"column":77},"end":{"line":38,"column":108}}],"line":38}},"s":{"0":6,"1":6,"2":12,"3":6,"4":3,"5":3,"6":6,"7":3,"8":3},"f":{"0":6,"1":12},"b":{"0":[2,4],"1":[6,6],"2":[3,3],"3":[1,2],"4":[3,3],"5":[1,2]},"_coverageSchema":"1a1c01bbd47fc00a2c39e90264f33305004495a9","hash":"6c9112945b67199901addef30714bcc361d22894"}
,"F:\\web\\project\\mvvm_jest\\mvvm\\src\\parser\\for.ts": {"path":"F:\\web\\project\\mvvm_jest\\mvvm\\src\\parser\\for.ts","statementMap":{"0":{"start":{"line":22,"column":18},"end":{"line":22,"column":20}},"1":{"start":{"line":29,"column":19},"end":{"line":29,"column":27}},"2":{"start":{"line":37,"column":42},"end":{"line":37,"column":44}},"3":{"start":{"line":45,"column":39},"end":{"line":45,"column":43}},"4":{"start":{"line":53,"column":36},"end":{"line":53,"column":40}},"5":{"start":{"line":60,"column":19},"end":{"line":60,"column":23}},"6":{"start":{"line":67,"column":19},"end":{"line":67,"column":21}},"7":{"start":{"line":73,"column":16},"end":{"line":73,"column":20}},"8":{"start":{"line":84,"column":4},"end":{"line":84,"column":43}},"9":{"start":{"line":86,"column":4},"end":{"line":86,"column":31}},"10":{"start":{"line":88,"column":4},"end":{"line":88,"column":48}},"11":{"start":{"line":90,"column":4},"end":{"line":92,"column":5}},"12":{"start":{"line":91,"column":6},"end":{"line":91,"column":59}},"13":{"start":{"line":93,"column":4},"end":{"line":93,"column":46}},"14":{"start":{"line":106,"column":4},"end":{"line":108,"column":5}},"15":{"start":{"line":107,"column":6},"end":{"line":107,"column":13}},"16":{"start":{"line":110,"column":4},"end":{"line":112,"column":5}},"17":{"start":{"line":111,"column":6},"end":{"line":111,"column":52}},"18":{"start":{"line":114,"column":4},"end":{"line":119,"column":5}},"19":{"start":{"line":115,"column":25},"end":{"line":115,"column":57}},"20":{"start":{"line":116,"column":6},"end":{"line":116,"column":64}},"21":{"start":{"line":117,"column":6},"end":{"line":117,"column":26}},"22":{"start":{"line":118,"column":6},"end":{"line":118,"column":13}},"23":{"start":{"line":121,"column":4},"end":{"line":123,"column":5}},"24":{"start":{"line":122,"column":6},"end":{"line":122,"column":13}},"25":{"start":{"line":125,"column":4},"end":{"line":128,"column":5}},"26":{"start":{"line":126,"column":6},"end":{"line":126,"column":33}},"27":{"start":{"line":127,"column":6},"end":{"line":127,"column":13}},"28":{"start":{"line":130,"column":4},"end":{"line":142,"column":5}},"29":{"start":{"line":131,"column":28},"end":{"line":131,"column":46}},"30":{"start":{"line":132,"column":32},"end":{"line":132,"column":61}},"31":{"start":{"line":133,"column":23},"end":{"line":133,"column":39}},"32":{"start":{"line":134,"column":6},"end":{"line":138,"column":7}},"33":{"start":{"line":135,"column":8},"end":{"line":135,"column":50}},"34":{"start":{"line":137,"column":8},"end":{"line":137,"column":57}},"35":{"start":{"line":141,"column":6},"end":{"line":141,"column":43}},"36":{"start":{"line":152,"column":4},"end":{"line":161,"column":5}},"37":{"start":{"line":153,"column":20},"end":{"line":153,"column":69}},"38":{"start":{"line":154,"column":6},"end":{"line":154,"column":36}},"39":{"start":{"line":155,"column":6},"end":{"line":155,"column":37}},"40":{"start":{"line":156,"column":6},"end":{"line":156,"column":39}},"41":{"start":{"line":158,"column":20},"end":{"line":158,"column":56}},"42":{"start":{"line":159,"column":6},"end":{"line":159,"column":36}},"43":{"start":{"line":160,"column":6},"end":{"line":160,"column":39}},"44":{"start":{"line":171,"column":17},"end":{"line":171,"column":19}},"45":{"start":{"line":172,"column":23},"end":{"line":172,"column":46}},"46":{"start":{"line":173,"column":4},"end":{"line":178,"column":5}},"47":{"start":{"line":173,"column":17},"end":{"line":173,"column":18}},"48":{"start":{"line":174,"column":19},"end":{"line":174,"column":42}},"49":{"start":{"line":175,"column":6},"end":{"line":177,"column":7}},"50":{"start":{"line":176,"column":8},"end":{"line":176,"column":33}},"51":{"start":{"line":179,"column":4},"end":{"line":179,"column":16}},"52":{"start":{"line":190,"column":25},"end":{"line":190,"column":58}},"53":{"start":{"line":191,"column":17},"end":{"line":191,"column":38}},"54":{"start":{"line":193,"column":4},"end":{"line":196,"column":5}},"55":{"start":{"line":193,"column":17},"end":{"line":193,"column":18}},"56":{"start":{"line":194,"column":24},"end":{"line":194,"column":51}},"57":{"start":{"line":195,"column":6},"end":{"line":195,"column":37}},"58":{"start":{"line":198,"column":4},"end":{"line":198,"column":24}},"59":{"start":{"line":208,"column":21},"end":{"line":208,"column":37}},"60":{"start":{"line":209,"column":4},"end":{"line":211,"column":5}},"61":{"start":{"line":209,"column":17},"end":{"line":209,"column":18}},"62":{"start":{"line":210,"column":6},"end":{"line":210,"column":44}},"63":{"start":{"line":212,"column":4},"end":{"line":212,"column":27}},"64":{"start":{"line":213,"column":25},"end":{"line":213,"column":49}},"65":{"start":{"line":214,"column":4},"end":{"line":214,"column":54}},"66":{"start":{"line":224,"column":21},"end":{"line":224,"column":37}},"67":{"start":{"line":225,"column":4},"end":{"line":227,"column":5}},"68":{"start":{"line":225,"column":17},"end":{"line":225,"column":23}},"69":{"start":{"line":226,"column":6},"end":{"line":226,"column":44}},"70":{"start":{"line":228,"column":4},"end":{"line":228,"column":32}},"71":{"start":{"line":229,"column":4},"end":{"line":231,"column":7}},"72":{"start":{"line":230,"column":6},"end":{"line":230,"column":32}},"73":{"start":{"line":243,"column":17},"end":{"line":243,"column":54}},"74":{"start":{"line":244,"column":18},"end":{"line":244,"column":19}},"75":{"start":{"line":245,"column":18},"end":{"line":245,"column":28}},"76":{"start":{"line":247,"column":37},"end":{"line":247,"column":39}},"77":{"start":{"line":248,"column":4},"end":{"line":248,"column":31}},"78":{"start":{"line":249,"column":4},"end":{"line":249,"column":31}},"79":{"start":{"line":251,"column":4},"end":{"line":251,"column":53}},"80":{"start":{"line":253,"column":4},"end":{"line":253,"column":54}},"81":{"start":{"line":254,"column":4},"end":{"line":254,"column":28}},"82":{"start":{"line":256,"column":4},"end":{"line":259,"column":5}},"83":{"start":{"line":257,"column":21},"end":{"line":257,"column":36}},"84":{"start":{"line":258,"column":6},"end":{"line":258,"column":30}},"85":{"start":{"line":261,"column":19},"end":{"line":261,"column":30}},"86":{"start":{"line":262,"column":4},"end":{"line":267,"column":7}},"87":{"start":{"line":269,"column":4},"end":{"line":269,"column":64}},"88":{"start":{"line":270,"column":4},"end":{"line":270,"column":16}}},"fnMap":{"0":{"name":"(anonymous_0)","decl":{"start":{"line":83,"column":2},"end":{"line":83,"column":3}},"loc":{"start":{"line":83,"column":68},"end":{"line":94,"column":3}},"line":83},"1":{"name":"(anonymous_1)","decl":{"start":{"line":104,"column":2},"end":{"line":104,"column":3}},"loc":{"start":{"line":104,"column":62},"end":{"line":143,"column":3}},"line":104},"2":{"name":"(anonymous_2)","decl":{"start":{"line":151,"column":2},"end":{"line":151,"column":3}},"loc":{"start":{"line":151,"column":42},"end":{"line":162,"column":3}},"line":151},"3":{"name":"(anonymous_3)","decl":{"start":{"line":170,"column":2},"end":{"line":170,"column":3}},"loc":{"start":{"line":170,"column":29},"end":{"line":180,"column":3}},"line":170},"4":{"name":"(anonymous_4)","decl":{"start":{"line":189,"column":2},"end":{"line":189,"column":3}},"loc":{"start":{"line":189,"column":55},"end":{"line":199,"column":3}},"line":189},"5":{"name":"(anonymous_5)","decl":{"start":{"line":207,"column":2},"end":{"line":207,"column":3}},"loc":{"start":{"line":207,"column":47},"end":{"line":215,"column":3}},"line":207},"6":{"name":"(anonymous_6)","decl":{"start":{"line":223,"column":2},"end":{"line":223,"column":3}},"loc":{"start":{"line":223,"column":48},"end":{"line":232,"column":3}},"line":223},"7":{"name":"(anonymous_7)","decl":{"start":{"line":229,"column":20},"end":{"line":229,"column":21}},"loc":{"start":{"line":229,"column":53},"end":{"line":231,"column":5}},"line":229},"8":{"name":"(anonymous_8)","decl":{"start":{"line":242,"column":2},"end":{"line":242,"column":3}},"loc":{"start":{"line":242,"column":61},"end":{"line":271,"column":3}},"line":242}},"branchMap":{"0":{"loc":{"start":{"line":90,"column":4},"end":{"line":92,"column":5}},"type":"if","locations":[{"start":{"line":90,"column":4},"end":{"line":92,"column":5}},{"start":{},"end":{}}],"line":90},"1":{"loc":{"start":{"line":106,"column":4},"end":{"line":108,"column":5}},"type":"if","locations":[{"start":{"line":106,"column":4},"end":{"line":108,"column":5}},{"start":{},"end":{}}],"line":106},"2":{"loc":{"start":{"line":110,"column":4},"end":{"line":112,"column":5}},"type":"if","locations":[{"start":{"line":110,"column":4},"end":{"line":112,"column":5}},{"start":{},"end":{}}],"line":110},"3":{"loc":{"start":{"line":110,"column":8},"end":{"line":110,"column":34}},"type":"binary-expr","locations":[{"start":{"line":110,"column":8},"end":{"line":110,"column":14}},{"start":{"line":110,"column":18},"end":{"line":110,"column":34}}],"line":110},"4":{"loc":{"start":{"line":114,"column":4},"end":{"line":119,"column":5}},"type":"if","locations":[{"start":{"line":114,"column":4},"end":{"line":119,"column":5}},{"start":{},"end":{}}],"line":114},"5":{"loc":{"start":{"line":121,"column":4},"end":{"line":123,"column":5}},"type":"if","locations":[{"start":{"line":121,"column":4},"end":{"line":123,"column":5}},{"start":{},"end":{}}],"line":121},"6":{"loc":{"start":{"line":121,"column":8},"end":{"line":121,"column":57}},"type":"binary-expr","locations":[{"start":{"line":121,"column":8},"end":{"line":121,"column":25}},{"start":{"line":121,"column":29},"end":{"line":121,"column":57}}],"line":121},"7":{"loc":{"start":{"line":125,"column":4},"end":{"line":128,"column":5}},"type":"if","locations":[{"start":{"line":125,"column":4},"end":{"line":128,"column":5}},{"start":{},"end":{}}],"line":125},"8":{"loc":{"start":{"line":130,"column":4},"end":{"line":142,"column":5}},"type":"if","locations":[{"start":{"line":130,"column":4},"end":{"line":142,"column":5}},{"start":{"line":139,"column":11},"end":{"line":142,"column":5}}],"line":130},"9":{"loc":{"start":{"line":134,"column":6},"end":{"line":138,"column":7}},"type":"if","locations":[{"start":{"line":134,"column":6},"end":{"line":138,"column":7}},{"start":{"line":136,"column":13},"end":{"line":138,"column":7}}],"line":134},"10":{"loc":{"start":{"line":152,"column":4},"end":{"line":161,"column":5}},"type":"if","locations":[{"start":{"line":152,"column":4},"end":{"line":161,"column":5}},{"start":{"line":157,"column":11},"end":{"line":161,"column":5}}],"line":152},"11":{"loc":{"start":{"line":175,"column":6},"end":{"line":177,"column":7}},"type":"if","locations":[{"start":{"line":175,"column":6},"end":{"line":177,"column":7}},{"start":{},"end":{}}],"line":175},"12":{"loc":{"start":{"line":256,"column":4},"end":{"line":259,"column":5}},"type":"if","locations":[{"start":{"line":256,"column":4},"end":{"line":259,"column":5}},{"start":{},"end":{}}],"line":256}},"s":{"0":9,"1":9,"2":9,"3":9,"4":9,"5":9,"6":9,"7":9,"8":9,"9":9,"10":9,"11":9,"12":1,"13":8,"14":20,"15":1,"16":19,"17":1,"18":18,"19":6,"20":6,"21":6,"22":6,"23":12,"24":1,"25":11,"26":4,"27":4,"28":7,"29":5,"30":5,"31":5,"32":5,"33":3,"34":2,"35":2,"36":9,"37":2,"38":2,"39":2,"40":2,"41":7,"42":7,"43":7,"44":11,"45":11,"46":11,"47":11,"48":64,"49":64,"50":42,"51":11,"52":10,"53":10,"54":10,"55":10,"56":29,"57":29,"58":10,"59":4,"60":4,"61":4,"62":12,"63":4,"64":4,"65":4,"66":2,"67":2,"68":2,"69":8,"70":2,"71":2,"72":2,"73":34,"74":34,"75":34,"76":34,"77":34,"78":34,"79":34,"80":34,"81":34,"82":34,"83":15,"84":15,"85":34,"86":34,"87":34,"88":34},"f":{"0":9,"1":20,"2":9,"3":11,"4":10,"5":4,"6":2,"7":2,"8":34},"b":{"0":[1,8],"1":[1,19],"2":[1,18],"3":[19,19],"4":[6,12],"5":[1,11],"6":[12,8],"7":[4,7],"8":[5,2],"9":[3,2],"10":[2,7],"11":[42,22],"12":[15,19]},"_coverageSchema":"1a1c01bbd47fc00a2c39e90264f33305004495a9","hash":"8f759d1258bf823965c49b0571b122131563f3f1"}
,"F:\\web\\project\\mvvm_jest\\mvvm\\src\\parser\\if.ts": {"path":"F:\\web\\project\\mvvm_jest\\mvvm\\src\\parser\\if.ts","statementMap":{"0":{"start":{"line":21,"column":40},"end":{"line":21,"column":44}},"1":{"start":{"line":29,"column":38},"end":{"line":29,"column":42}},"2":{"start":{"line":47,"column":4},"end":{"line":47,"column":43}},"3":{"start":{"line":48,"column":4},"end":{"line":48,"column":52}},"4":{"start":{"line":50,"column":4},"end":{"line":52,"column":5}},"5":{"start":{"line":51,"column":6},"end":{"line":51,"column":58}},"6":{"start":{"line":54,"column":4},"end":{"line":54,"column":55}},"7":{"start":{"line":55,"column":4},"end":{"line":55,"column":49}},"8":{"start":{"line":56,"column":4},"end":{"line":56,"column":42}},"9":{"start":{"line":66,"column":16},"end":{"line":66,"column":56}},"10":{"start":{"line":68,"column":4},"end":{"line":83,"column":5}},"11":{"start":{"line":69,"column":6},"end":{"line":69,"column":65}},"12":{"start":{"line":70,"column":6},"end":{"line":70,"column":54}},"13":{"start":{"line":72,"column":6},"end":{"line":77,"column":9}},"14":{"start":{"line":79,"column":17},"end":{"line":79,"column":58}},"15":{"start":{"line":80,"column":6},"end":{"line":82,"column":7}},"16":{"start":{"line":81,"column":8},"end":{"line":81,"column":38}}},"fnMap":{"0":{"name":"(anonymous_0)","decl":{"start":{"line":46,"column":2},"end":{"line":46,"column":3}},"loc":{"start":{"line":46,"column":68},"end":{"line":57,"column":3}},"line":46},"1":{"name":"(anonymous_1)","decl":{"start":{"line":65,"column":2},"end":{"line":65,"column":3}},"loc":{"start":{"line":65,"column":60},"end":{"line":84,"column":3}},"line":65}},"branchMap":{"0":{"loc":{"start":{"line":50,"column":4},"end":{"line":52,"column":5}},"type":"if","locations":[{"start":{"line":50,"column":4},"end":{"line":52,"column":5}},{"start":{},"end":{}}],"line":50},"1":{"loc":{"start":{"line":68,"column":4},"end":{"line":83,"column":5}},"type":"if","locations":[{"start":{"line":68,"column":4},"end":{"line":83,"column":5}},{"start":{"line":78,"column":11},"end":{"line":83,"column":5}}],"line":68},"2":{"loc":{"start":{"line":80,"column":6},"end":{"line":82,"column":7}},"type":"if","locations":[{"start":{"line":80,"column":6},"end":{"line":82,"column":7}},{"start":{},"end":{}}],"line":80},"3":{"loc":{"start":{"line":80,"column":10},"end":{"line":80,"column":26}},"type":"binary-expr","locations":[{"start":{"line":80,"column":10},"end":{"line":80,"column":12}},{"start":{"line":80,"column":16},"end":{"line":80,"column":26}}],"line":80}},"s":{"0":3,"1":3,"2":3,"3":3,"4":3,"5":1,"6":2,"7":2,"8":2,"9":4,"10":4,"11":2,"12":2,"13":2,"14":2,"15":2,"16":1},"f":{"0":3,"1":4},"b":{"0":[1,2],"1":[2,2],"2":[1,1],"3":[2,2]},"_coverageSchema":"1a1c01bbd47fc00a2c39e90264f33305004495a9","hash":"b27e355cd79ed6f5627caab3767b41967d7d23b3"}
,"F:\\web\\project\\mvvm_jest\\mvvm\\src\\parser\\model.ts": {"path":"F:\\web\\project\\mvvm_jest\\mvvm\\src\\parser\\model.ts","statementMap":{"0":{"start":{"line":7,"column":28},"end":{"line":7,"column":59}},"1":{"start":{"line":25,"column":32},"end":{"line":25,"column":36}},"2":{"start":{"line":33,"column":18},"end":{"line":33,"column":23}},"3":{"start":{"line":43,"column":4},"end":{"line":43,"column":43}},"4":{"start":{"line":44,"column":4},"end":{"line":44,"column":34}},"5":{"start":{"line":45,"column":4},"end":{"line":45,"column":20}},"6":{"start":{"line":55,"column":4},"end":{"line":68,"column":5}},"7":{"start":{"line":57,"column":8},"end":{"line":57,"column":36}},"8":{"start":{"line":58,"column":8},"end":{"line":58,"column":14}},"9":{"start":{"line":60,"column":8},"end":{"line":60,"column":40}},"10":{"start":{"line":61,"column":8},"end":{"line":61,"column":14}},"11":{"start":{"line":63,"column":8},"end":{"line":63,"column":37}},"12":{"start":{"line":64,"column":8},"end":{"line":64,"column":14}},"13":{"start":{"line":66,"column":8},"end":{"line":66,"column":38}},"14":{"start":{"line":67,"column":8},"end":{"line":67,"column":14}},"15":{"start":{"line":78,"column":28},"end":{"line":78,"column":58}},"16":{"start":{"line":79,"column":25},"end":{"line":79,"column":82}},"17":{"start":{"line":81,"column":4},"end":{"line":83,"column":5}},"18":{"start":{"line":82,"column":6},"end":{"line":82,"column":83}},"19":{"start":{"line":85,"column":4},"end":{"line":87,"column":5}},"20":{"start":{"line":86,"column":6},"end":{"line":86,"column":20}},"21":{"start":{"line":88,"column":4},"end":{"line":88,"column":16}},"22":{"start":{"line":114,"column":4},"end":{"line":116,"column":5}},"23":{"start":{"line":115,"column":6},"end":{"line":115,"column":66}},"24":{"start":{"line":117,"column":4},"end":{"line":132,"column":7}},"25":{"start":{"line":118,"column":6},"end":{"line":131,"column":7}},"26":{"start":{"line":119,"column":22},"end":{"line":119,"column":131}},"27":{"start":{"line":120,"column":8},"end":{"line":120,"column":33}},"28":{"start":{"line":121,"column":13},"end":{"line":131,"column":7}},"29":{"start":{"line":122,"column":26},"end":{"line":122,"column":45}},"30":{"start":{"line":123,"column":35},"end":{"line":123,"column":61}},"31":{"start":{"line":124,"column":8},"end":{"line":128,"column":9}},"32":{"start":{"line":125,"column":10},"end":{"line":125,"column":37}},"33":{"start":{"line":127,"column":10},"end":{"line":127,"column":75}},"34":{"start":{"line":130,"column":8},"end":{"line":130,"column":62}},"35":{"start":{"line":143,"column":27},"end":{"line":143,"column":29}},"36":{"start":{"line":144,"column":4},"end":{"line":148,"column":5}},"37":{"start":{"line":144,"column":17},"end":{"line":144,"column":18}},"38":{"start":{"line":145,"column":6},"end":{"line":147,"column":7}},"39":{"start":{"line":146,"column":8},"end":{"line":146,"column":36}},"40":{"start":{"line":149,"column":4},"end":{"line":149,"column":16}},"41":{"start":{"line":159,"column":4},"end":{"line":159,"column":58}},"42":{"start":{"line":169,"column":4},"end":{"line":171,"column":5}},"43":{"start":{"line":170,"column":6},"end":{"line":170,"column":77}},"44":{"start":{"line":172,"column":26},"end":{"line":172,"column":60}},"45":{"start":{"line":173,"column":4},"end":{"line":173,"column":95}},"46":{"start":{"line":183,"column":4},"end":{"line":183,"column":98}},"47":{"start":{"line":193,"column":34},"end":{"line":193,"column":60}},"48":{"start":{"line":194,"column":4},"end":{"line":194,"column":26}},"49":{"start":{"line":195,"column":46},"end":{"line":195,"column":56}},"50":{"start":{"line":198,"column":4},"end":{"line":200,"column":5}},"51":{"start":{"line":199,"column":6},"end":{"line":199,"column":67}},"52":{"start":{"line":202,"column":4},"end":{"line":204,"column":5}},"53":{"start":{"line":203,"column":6},"end":{"line":203,"column":74}},"54":{"start":{"line":205,"column":4},"end":{"line":209,"column":5}},"55":{"start":{"line":205,"column":17},"end":{"line":205,"column":18}},"56":{"start":{"line":206,"column":40},"end":{"line":206,"column":53}},"57":{"start":{"line":208,"column":6},"end":{"line":208,"column":104}}},"fnMap":{"0":{"name":"(anonymous_0)","decl":{"start":{"line":42,"column":2},"end":{"line":42,"column":3}},"loc":{"start":{"line":42,"column":68},"end":{"line":46,"column":3}},"line":42},"1":{"name":"(anonymous_1)","decl":{"start":{"line":54,"column":2},"end":{"line":54,"column":3}},"loc":{"start":{"line":54,"column":53},"end":{"line":69,"column":3}},"line":54},"2":{"name":"(anonymous_2)","decl":{"start":{"line":77,"column":2},"end":{"line":77,"column":3}},"loc":{"start":{"line":77,"column":31},"end":{"line":106,"column":3}},"line":77},"3":{"name":"(anonymous_3)","decl":{"start":{"line":113,"column":2},"end":{"line":113,"column":3}},"loc":{"start":{"line":113,"column":21},"end":{"line":133,"column":3}},"line":113},"4":{"name":"(anonymous_4)","decl":{"start":{"line":117,"column":73},"end":{"line":117,"column":74}},"loc":{"start":{"line":117,"column":93},"end":{"line":132,"column":5}},"line":117},"5":{"name":"(anonymous_5)","decl":{"start":{"line":142,"column":2},"end":{"line":142,"column":3}},"loc":{"start":{"line":142,"column":67},"end":{"line":150,"column":3}},"line":142},"6":{"name":"(anonymous_6)","decl":{"start":{"line":158,"column":2},"end":{"line":158,"column":3}},"loc":{"start":{"line":158,"column":52},"end":{"line":160,"column":3}},"line":158},"7":{"name":"(anonymous_7)","decl":{"start":{"line":168,"column":2},"end":{"line":168,"column":3}},"loc":{"start":{"line":168,"column":56},"end":{"line":174,"column":3}},"line":168},"8":{"name":"(anonymous_8)","decl":{"start":{"line":182,"column":2},"end":{"line":182,"column":3}},"loc":{"start":{"line":182,"column":53},"end":{"line":184,"column":3}},"line":182},"9":{"name":"(anonymous_9)","decl":{"start":{"line":192,"column":2},"end":{"line":192,"column":3}},"loc":{"start":{"line":192,"column":54},"end":{"line":210,"column":3}},"line":192}},"branchMap":{"0":{"loc":{"start":{"line":55,"column":4},"end":{"line":68,"column":5}},"type":"switch","locations":[{"start":{"line":56,"column":6},"end":{"line":58,"column":14}},{"start":{"line":59,"column":6},"end":{"line":61,"column":14}},{"start":{"line":62,"column":6},"end":{"line":64,"column":14}},{"start":{"line":65,"column":6},"end":{"line":67,"column":14}}],"line":55},"1":{"loc":{"start":{"line":79,"column":25},"end":{"line":79,"column":82}},"type":"cond-expr","locations":[{"start":{"line":79,"column":47},"end":{"line":79,"column":72}},{"start":{"line":79,"column":75},"end":{"line":79,"column":82}}],"line":79},"2":{"loc":{"start":{"line":81,"column":4},"end":{"line":83,"column":5}},"type":"if","locations":[{"start":{"line":81,"column":4},"end":{"line":83,"column":5}},{"start":{},"end":{}}],"line":81},"3":{"loc":{"start":{"line":85,"column":4},"end":{"line":87,"column":5}},"type":"if","locations":[{"start":{"line":85,"column":4},"end":{"line":87,"column":5}},{"start":{},"end":{}}],"line":85},"4":{"loc":{"start":{"line":114,"column":4},"end":{"line":116,"column":5}},"type":"if","locations":[{"start":{"line":114,"column":4},"end":{"line":116,"column":5}},{"start":{},"end":{}}],"line":114},"5":{"loc":{"start":{"line":117,"column":30},"end":{"line":117,"column":71}},"type":"cond-expr","locations":[{"start":{"line":117,"column":53},"end":{"line":117,"column":60}},{"start":{"line":117,"column":63},"end":{"line":117,"column":71}}],"line":117},"6":{"loc":{"start":{"line":118,"column":6},"end":{"line":131,"column":7}},"type":"if","locations":[{"start":{"line":118,"column":6},"end":{"line":131,"column":7}},{"start":{"line":121,"column":13},"end":{"line":131,"column":7}}],"line":118},"7":{"loc":{"start":{"line":119,"column":22},"end":{"line":119,"column":131}},"type":"cond-expr","locations":[{"start":{"line":119,"column":35},"end":{"line":119,"column":93}},{"start":{"line":119,"column":96},"end":{"line":119,"column":131}}],"line":119},"8":{"loc":{"start":{"line":121,"column":13},"end":{"line":131,"column":7}},"type":"if","locations":[{"start":{"line":121,"column":13},"end":{"line":131,"column":7}},{"start":{"line":129,"column":13},"end":{"line":131,"column":7}}],"line":121},"9":{"loc":{"start":{"line":124,"column":8},"end":{"line":128,"column":9}},"type":"if","locations":[{"start":{"line":124,"column":8},"end":{"line":128,"column":9}},{"start":{"line":126,"column":15},"end":{"line":128,"column":9}}],"line":124},"10":{"loc":{"start":{"line":127,"column":10},"end":{"line":127,"column":74}},"type":"cond-expr","locations":[{"start":{"line":127,"column":20},"end":{"line":127,"column":36}},{"start":{"line":127,"column":39},"end":{"line":127,"column":74}}],"line":127},"11":{"loc":{"start":{"line":145,"column":6},"end":{"line":147,"column":7}},"type":"if","locations":[{"start":{"line":145,"column":6},"end":{"line":147,"column":7}},{"start":{},"end":{}}],"line":145},"12":{"loc":{"start":{"line":169,"column":4},"end":{"line":171,"column":5}},"type":"if","locations":[{"start":{"line":169,"column":4},"end":{"line":171,"column":5}},{"start":{},"end":{}}],"line":169},"13":{"loc":{"start":{"line":169,"column":8},"end":{"line":169,"column":46}},"type":"binary-expr","locations":[{"start":{"line":169,"column":8},"end":{"line":169,"column":24}},{"start":{"line":169,"column":28},"end":{"line":169,"column":46}}],"line":169},"14":{"loc":{"start":{"line":173,"column":43},"end":{"line":173,"column":94}},"type":"cond-expr","locations":[{"start":{"line":173,"column":63},"end":{"line":173,"column":69}},{"start":{"line":173,"column":72},"end":{"line":173,"column":94}}],"line":173},"15":{"loc":{"start":{"line":198,"column":4},"end":{"line":200,"column":5}},"type":"if","locations":[{"start":{"line":198,"column":4},"end":{"line":200,"column":5}},{"start":{},"end":{}}],"line":198},"16":{"loc":{"start":{"line":198,"column":8},"end":{"line":198,"column":38}},"type":"binary-expr","locations":[{"start":{"line":198,"column":8},"end":{"line":198,"column":18}},{"start":{"line":198,"column":22},"end":{"line":198,"column":38}}],"line":198},"17":{"loc":{"start":{"line":202,"column":4},"end":{"line":204,"column":5}},"type":"if","locations":[{"start":{"line":202,"column":4},"end":{"line":204,"column":5}},{"start":{},"end":{}}],"line":202},"18":{"loc":{"start":{"line":202,"column":8},"end":{"line":202,"column":38}},"type":"binary-expr","locations":[{"start":{"line":202,"column":8},"end":{"line":202,"column":19}},{"start":{"line":202,"column":23},"end":{"line":202,"column":38}}],"line":202},"19":{"loc":{"start":{"line":208,"column":24},"end":{"line":208,"column":103}},"type":"cond-expr","locations":[{"start":{"line":208,"column":37},"end":{"line":208,"column":66}},{"start":{"line":208,"column":69},"end":{"line":208,"column":103}}],"line":208}},"s":{"0":6,"1":13,"2":13,"3":13,"4":13,"5":12,"6":23,"7":2,"8":2,"9":9,"10":8,"11":4,"12":4,"13":8,"14":6,"15":13,"16":13,"17":13,"18":1,"19":12,"20":1,"21":11,"22":12,"23":4,"24":12,"25":8,"26":3,"27":3,"28":5,"29":3,"30":3,"31":3,"32":1,"33":2,"34":2,"35":2,"36":2,"37":2,"38":6,"39":1,"40":2,"41":2,"42":9,"43":1,"44":8,"45":8,"46":4,"47":8,"48":8,"49":8,"50":8,"51":1,"52":7,"53":1,"54":6,"55":6,"56":18,"57":18},"f":{"0":13,"1":23,"2":13,"3":12,"4":8,"5":2,"6":2,"7":9,"8":4,"9":8},"b":{"0":[2,9,4,8],"1":[8,5],"2":[1,12],"3":[1,11],"4":[4,8],"5":[1,11],"6":[3,5],"7":[2,1],"8":[3,2],"9":[1,2],"10":[1,1],"11":[1,5],"12":[1,8],"13":[9,3],"14":[2,6],"15":[1,7],"16":[8,5],"17":[1,6],"18":[7,3],"19":[12,6]},"_coverageSchema":"1a1c01bbd47fc00a2c39e90264f33305004495a9","hash":"46193870d56a37083e26881b1242c951804190fa"}
,"F:\\web\\project\\mvvm_jest\\mvvm\\src\\parser\\on.ts": {"path":"F:\\web\\project\\mvvm_jest\\mvvm\\src\\parser\\on.ts","statementMap":{"0":{"start":{"line":47,"column":4},"end":{"line":47,"column":35}},"1":{"start":{"line":49,"column":4},"end":{"line":53,"column":5}},"2":{"start":{"line":50,"column":6},"end":{"line":50,"column":91}},"3":{"start":{"line":52,"column":6},"end":{"line":52,"column":67}},"4":{"start":{"line":54,"column":4},"end":{"line":56,"column":7}},"5":{"start":{"line":55,"column":6},"end":{"line":55,"column":106}},"6":{"start":{"line":58,"column":4},"end":{"line":62,"column":5}},"7":{"start":{"line":59,"column":6},"end":{"line":59,"column":70}},"8":{"start":{"line":61,"column":6},"end":{"line":61,"column":53}},"9":{"start":{"line":71,"column":28},"end":{"line":71,"column":36}},"10":{"start":{"line":72,"column":32},"end":{"line":72,"column":49}},"11":{"start":{"line":73,"column":33},"end":{"line":73,"column":48}},"12":{"start":{"line":74,"column":18},"end":{"line":74,"column":50}},"13":{"start":{"line":76,"column":4},"end":{"line":78,"column":7}},"14":{"start":{"line":77,"column":6},"end":{"line":77,"column":45}},"15":{"start":{"line":87,"column":4},"end":{"line":87,"column":24}},"16":{"start":{"line":89,"column":4},"end":{"line":89,"column":47}},"17":{"start":{"line":91,"column":4},"end":{"line":93,"column":5}},"18":{"start":{"line":92,"column":6},"end":{"line":92,"column":38}},"19":{"start":{"line":95,"column":4},"end":{"line":95,"column":53}},"20":{"start":{"line":97,"column":4},"end":{"line":97,"column":20}}},"fnMap":{"0":{"name":"(anonymous_0)","decl":{"start":{"line":46,"column":2},"end":{"line":46,"column":3}},"loc":{"start":{"line":46,"column":52},"end":{"line":63,"column":3}},"line":46},"1":{"name":"(anonymous_1)","decl":{"start":{"line":54,"column":61},"end":{"line":54,"column":62}},"loc":{"start":{"line":54,"column":104},"end":{"line":56,"column":5}},"line":54},"2":{"name":"(anonymous_2)","decl":{"start":{"line":70,"column":2},"end":{"line":70,"column":3}},"loc":{"start":{"line":70,"column":27},"end":{"line":79,"column":3}},"line":70},"3":{"name":"(anonymous_3)","decl":{"start":{"line":76,"column":37},"end":{"line":76,"column":38}},"loc":{"start":{"line":76,"column":57},"end":{"line":78,"column":5}},"line":76},"4":{"name":"(anonymous_4)","decl":{"start":{"line":86,"column":2},"end":{"line":86,"column":3}},"loc":{"start":{"line":86,"column":61},"end":{"line":98,"column":3}},"line":86}},"branchMap":{"0":{"loc":{"start":{"line":49,"column":4},"end":{"line":53,"column":5}},"type":"if","locations":[{"start":{"line":49,"column":4},"end":{"line":53,"column":5}},{"start":{"line":51,"column":11},"end":{"line":53,"column":5}}],"line":49},"1":{"loc":{"start":{"line":55,"column":13},"end":{"line":55,"column":105}},"type":"cond-expr","locations":[{"start":{"line":55,"column":69},"end":{"line":55,"column":81}},{"start":{"line":55,"column":84},"end":{"line":55,"column":105}}],"line":55},"2":{"loc":{"start":{"line":74,"column":18},"end":{"line":74,"column":50}},"type":"binary-expr","locations":[{"start":{"line":74,"column":18},"end":{"line":74,"column":28}},{"start":{"line":74,"column":32},"end":{"line":74,"column":50}}],"line":74},"3":{"loc":{"start":{"line":91,"column":4},"end":{"line":93,"column":5}},"type":"if","locations":[{"start":{"line":91,"column":4},"end":{"line":93,"column":5}},{"start":{},"end":{}}],"line":91},"4":{"loc":{"start":{"line":91,"column":8},"end":{"line":91,"column":47}},"type":"binary-expr","locations":[{"start":{"line":91,"column":8},"end":{"line":91,"column":36}},{"start":{"line":91,"column":40},"end":{"line":91,"column":47}}],"line":91}},"s":{"0":5,"1":5,"2":2,"3":3,"4":5,"5":7,"6":5,"7":5,"8":1,"9":4,"10":4,"11":4,"12":4,"13":4,"14":1,"15":5,"16":5,"17":5,"18":1,"19":5,"20":4},"f":{"0":5,"1":7,"2":4,"3":1,"4":5},"b":{"0":[2,3],"1":[6,1],"2":[4,4],"3":[1,4],"4":[5,5]},"_coverageSchema":"1a1c01bbd47fc00a2c39e90264f33305004495a9","hash":"32eccde9f9964cd72a9cbce308d77e9ff964b8b9"}
,"F:\\web\\project\\mvvm_jest\\mvvm\\src\\parser\\other.ts": {"path":"F:\\web\\project\\mvvm_jest\\mvvm\\src\\parser\\other.ts","statementMap":{"0":{"start":{"line":17,"column":4},"end":{"line":17,"column":45}}},"fnMap":{"0":{"name":"(anonymous_0)","decl":{"start":{"line":16,"column":2},"end":{"line":16,"column":3}},"loc":{"start":{"line":16,"column":53},"end":{"line":18,"column":3}},"line":16}},"branchMap":{},"s":{"0":18},"f":{"0":18},"b":{},"_coverageSchema":"1a1c01bbd47fc00a2c39e90264f33305004495a9","hash":"48b4d7eda283b9e72643e9d4e525105562cb1520"}
,"F:\\web\\project\\mvvm_jest\\mvvm\\src\\parser\\style.ts": {"path":"F:\\web\\project\\mvvm_jest\\mvvm\\src\\parser\\style.ts","statementMap":{"0":{"start":{"line":16,"column":16},"end":{"line":16,"column":20}},"1":{"start":{"line":25,"column":4},"end":{"line":31,"column":5}},"2":{"start":{"line":26,"column":29},"end":{"line":26,"column":48}},"3":{"start":{"line":27,"column":6},"end":{"line":29,"column":9}},"4":{"start":{"line":28,"column":8},"end":{"line":28,"column":26}},"5":{"start":{"line":30,"column":6},"end":{"line":30,"column":36}},"6":{"start":{"line":32,"column":4},"end":{"line":32,"column":34}}},"fnMap":{"0":{"name":"(anonymous_0)","decl":{"start":{"line":24,"column":2},"end":{"line":24,"column":3}},"loc":{"start":{"line":24,"column":61},"end":{"line":33,"column":3}},"line":24},"1":{"name":"(anonymous_1)","decl":{"start":{"line":27,"column":15},"end":{"line":27,"column":16}},"loc":{"start":{"line":27,"column":39},"end":{"line":29,"column":7}},"line":27}},"branchMap":{"0":{"loc":{"start":{"line":25,"column":4},"end":{"line":31,"column":5}},"type":"if","locations":[{"start":{"line":25,"column":4},"end":{"line":31,"column":5}},{"start":{},"end":{}}],"line":25}},"s":{"0":1,"1":3,"2":2,"3":2,"4":2,"5":2,"6":3},"f":{"0":3,"1":2},"b":{"0":[2,1]},"_coverageSchema":"1a1c01bbd47fc00a2c39e90264f33305004495a9","hash":"d54313706d3d2126b72574ba35cc72038ab6af34"}
,"F:\\web\\project\\mvvm_jest\\mvvm\\src\\parser\\text.ts": {"path":"F:\\web\\project\\mvvm_jest\\mvvm\\src\\parser\\text.ts","statementMap":{"0":{"start":{"line":19,"column":4},"end":{"line":19,"column":45}}},"fnMap":{"0":{"name":"(anonymous_0)","decl":{"start":{"line":18,"column":2},"end":{"line":18,"column":3}},"loc":{"start":{"line":18,"column":53},"end":{"line":20,"column":3}},"line":18}},"branchMap":{},"s":{"0":49},"f":{"0":49},"b":{},"_coverageSchema":"1a1c01bbd47fc00a2c39e90264f33305004495a9","hash":"3a713c36d939f6f08852e301567f4bd2d715b1ce"}
}
