TN:
SF:src\compiler.ts
FN:90,(anonymous_0)
FN:108,(anonymous_1)
FN:113,parse
FN:143,(anonymous_3)
FN:162,(anonymous_4)
FN:180,(anonymous_5)
FN:205,(anonymous_6)
FN:238,(anonymous_7)
FN:272,(anonymous_8)
FN:282,(anonymous_9)
FN:300,(anonymous_10)
FNF:11
FNH:11
FNDA:95,(anonymous_0)
FNDA:1,(anonymous_1)
FNDA:2,parse
FNDA:97,(anonymous_3)
FNDA:95,(anonymous_4)
FNDA:96,(anonymous_5)
FNDA:96,(anonymous_6)
FNDA:39,(anonymous_7)
FNDA:12,(anonymous_8)
FNDA:1,(anonymous_9)
FNDA:78,(anonymous_10)
DA:63,12
DA:71,12
DA:91,95
DA:92,95
DA:93,95
DA:95,95
DA:97,95
DA:109,1
DA:110,1
DA:111,1
DA:113,1
DA:114,2
DA:116,2
DA:117,1
DA:118,1
DA:121,1
DA:122,1
DA:123,1
DA:124,1
DA:126,1
DA:128,1
DA:131,1
DA:133,1
DA:144,97
DA:146,97
DA:147,96
DA:148,96
DA:149,96
DA:151,96
DA:152,123
DA:153,123
DA:154,28
DA:156,95
DA:157,9
DA:158,9
DA:160,86
DA:162,96
DA:163,95
DA:166,1
DA:182,96
DA:183,93
DA:184,5
DA:185,4
DA:188,88
DA:190,87
DA:192,87
DA:206,96
DA:208,96
DA:209,5
DA:211,96
DA:212,6
DA:214,96
DA:215,12
DA:218,96
DA:229,96
DA:239,39
DA:240,36
DA:243,3
DA:245,3
DA:247,3
DA:248,1
DA:258,12
DA:265,12
DA:273,12
DA:274,12
DA:275,12
DA:277,12
DA:278,1
DA:279,1
DA:280,1
DA:282,1
DA:283,1
DA:287,12
DA:288,12
DA:301,78
DA:302,12
DA:305,78
DA:306,78
DA:308,78
DA:309,252
DA:310,252
DA:312,252
DA:313,1
DA:315,251
DA:316,84
DA:318,251
DA:319,30
DA:323,78
DA:324,48
DA:325,97
DA:326,88
DA:327,88
DA:329,39
LF:93
LH:93
BRDA:116,0,0,1
BRDA:116,0,1,1
BRDA:146,1,0,96
BRDA:146,1,1,1
BRDA:153,2,0,28
BRDA:153,2,1,95
BRDA:156,3,0,9
BRDA:156,3,1,86
BRDA:183,4,0,5
BRDA:183,4,1,88
BRDA:208,5,0,5
BRDA:208,5,1,91
BRDA:211,6,0,6
BRDA:211,6,1,90
BRDA:214,7,0,12
BRDA:214,7,1,84
BRDA:239,8,0,36
BRDA:239,8,1,3
BRDA:247,9,0,1
BRDA:247,9,1,2
BRDA:277,10,0,1
BRDA:277,10,1,11
BRDA:300,11,0,12
BRDA:301,12,0,12
BRDA:301,12,1,66
BRDA:301,13,0,78
BRDA:301,13,1,48
BRDA:312,14,0,1
BRDA:312,14,1,251
BRDA:312,15,0,252
BRDA:312,15,1,149
BRDA:315,16,0,84
BRDA:315,16,1,167
BRDA:318,17,0,30
BRDA:318,17,1,221
BRDA:318,18,0,251
BRDA:318,18,1,42
BRDA:323,19,0,48
BRDA:323,19,1,30
BRF:39
BRH:39
end_of_record
TN:
SF:src\dep.ts
FN:43,(anonymous_0)
FN:56,(anonymous_1)
FN:70,(anonymous_2)
FN:81,(anonymous_3)
FN:85,(anonymous_4)
FN:98,(anonymous_5)
FN:102,(anonymous_6)
FN:114,(anonymous_7)
FN:117,(anonymous_8)
FNF:9
FNH:9
FNDA:990,(anonymous_0)
FNDA:994,(anonymous_1)
FNDA:10,(anonymous_2)
FNDA:22,(anonymous_3)
FNDA:44,(anonymous_4)
FNDA:22,(anonymous_5)
FNDA:44,(anonymous_6)
FNDA:4,(anonymous_7)
FNDA:4,(anonymous_8)
DA:26,71
DA:34,6
DA:44,990
DA:45,169
DA:47,990
DA:57,994
DA:58,2
DA:60,994
DA:71,10
DA:82,22
DA:83,2
DA:85,20
DA:86,44
DA:99,22
DA:100,2
DA:102,20
DA:103,44
DA:115,4
DA:116,4
DA:117,2
DA:118,4
LF:21
LH:21
BRDA:44,0,0,169
BRDA:44,0,1,821
BRDA:57,1,0,2
BRDA:57,1,1,992
BRDA:82,2,0,2
BRDA:82,2,1,20
BRDA:99,3,0,2
BRDA:99,3,1,20
BRDA:116,4,0,2
BRDA:116,4,1,2
BRF:10
BRH:10
end_of_record
TN:
SF:src\index.ts
FNF:0
FNH:0
LF:0
LH:0
BRF:0
BRH:0
end_of_record
TN:
SF:src\mvvm.ts
FN:69,(anonymous_0)
FN:79,(anonymous_1)
FN:82,(anonymous_2)
FN:94,(anonymous_3)
FNF:4
FNH:4
FNDA:12,(anonymous_0)
FNDA:6,(anonymous_1)
FNDA:12,(anonymous_2)
FNDA:15,(anonymous_3)
DA:60,15
DA:70,12
DA:71,12
DA:73,12
DA:74,18
DA:76,18
DA:80,6
DA:83,12
DA:95,15
DA:96,1
DA:98,14
DA:99,1
DA:101,13
DA:102,1
DA:106,12
DA:108,12
DA:110,12
LF:17
LH:17
BRDA:95,0,0,1
BRDA:95,0,1,14
BRDA:98,1,0,1
BRDA:98,1,1,13
BRDA:98,2,0,14
BRDA:98,2,1,13
BRDA:98,2,2,13
BRDA:101,3,0,1
BRDA:101,3,1,12
BRDA:101,4,0,13
BRDA:101,4,1,13
BRDA:101,4,2,13
BRF:12
BRH:12
end_of_record
TN:
SF:src\observer.ts
FN:32,(anonymous_0)
FN:53,(anonymous_1)
FN:57,(anonymous_2)
FN:63,(anonymous_3)
FN:76,(anonymous_4)
FN:125,(anonymous_5)
FNF:6
FNH:6
FNDA:186,(anonymous_0)
FNDA:71,(anonymous_1)
FNDA:118,(anonymous_2)
FNDA:1094,(anonymous_3)
FNDA:31,(anonymous_4)
FNDA:186,(anonymous_5)
DA:24,186
DA:33,186
DA:34,10
DA:35,10
DA:37,176
DA:38,71
DA:39,71
DA:41,105
DA:54,71
DA:55,71
DA:57,71
DA:58,118
DA:59,118
DA:62,71
DA:64,1094
DA:65,299
DA:69,795
DA:70,495
DA:71,495
DA:74,795
DA:77,31
DA:78,9
DA:81,22
DA:88,22
DA:89,5
DA:92,22
DA:93,4
DA:96,22
DA:98,22
DA:100,22
DA:102,22
DA:104,22
DA:108,71
DA:111,71
DA:117,71
DA:126,186
LF:36
LH:36
BRDA:33,0,0,10
BRDA:33,0,1,176
BRDA:37,1,0,71
BRDA:37,1,1,105
BRDA:37,2,0,176
BRDA:37,2,1,119
BRDA:64,3,0,299
BRDA:64,3,1,795
BRDA:64,4,0,1094
BRDA:64,4,1,478
BRDA:69,5,0,495
BRDA:69,5,1,300
BRDA:77,6,0,9
BRDA:77,6,1,22
BRDA:88,7,0,5
BRDA:88,7,1,17
BRDA:92,8,0,4
BRDA:92,8,1,18
BRF:18
BRH:18
end_of_record
TN:
SF:src\watcher.ts
FN:98,(anonymous_0)
FN:114,(anonymous_1)
FN:132,(anonymous_2)
FN:144,(anonymous_3)
FN:155,(anonymous_4)
FN:164,(anonymous_5)
FN:176,(anonymous_6)
FN:205,(anonymous_7)
FN:208,(anonymous_8)
FN:223,(anonymous_9)
FN:241,(anonymous_10)
FN:245,(anonymous_11)
FN:247,(anonymous_12)
FN:248,(anonymous_13)
FN:253,(anonymous_14)
FNF:15
FNH:15
FNDA:135,(anonymous_0)
FNDA:186,(anonymous_1)
FNDA:6,(anonymous_2)
FNDA:88,(anonymous_3)
FNDA:44,(anonymous_4)
FNDA:44,(anonymous_5)
FNDA:135,(anonymous_6)
FNDA:6,(anonymous_7)
FNDA:7,(anonymous_8)
FNDA:990,(anonymous_9)
FNDA:134,(anonymous_10)
FNDA:217,(anonymous_11)
FNDA:10,(anonymous_12)
FNDA:20,(anonymous_13)
FNDA:12,(anonymous_14)
DA:5,6
DA:41,88
DA:57,88
DA:64,88
DA:73,88
DA:85,88
DA:99,135
DA:100,135
DA:102,1
DA:115,186
DA:116,139
DA:118,47
DA:120,47
DA:121,164
DA:124,88
DA:133,6
DA:134,1
DA:136,6
DA:145,88
DA:146,88
DA:147,88
DA:148,87
DA:156,44
DA:166,44
DA:168,44
DA:177,135
DA:179,135
DA:182,134
DA:183,22
DA:186,134
DA:189,134
DA:191,134
DA:192,134
DA:196,134
DA:206,6
DA:208,6
DA:209,7
DA:212,6
DA:213,6
DA:215,6
DA:224,990
DA:226,990
DA:227,584
DA:229,990
DA:230,990
DA:242,134
DA:243,134
DA:244,134
DA:245,217
DA:247,134
DA:248,10
DA:249,20
DA:250,20
DA:251,20
DA:252,10
DA:253,12
DA:254,1
LF:57
LH:57
BRDA:115,0,0,139
BRDA:115,0,1,47
BRDA:179,1,0,134
BRDA:179,1,1,69
BRDA:182,2,0,22
BRDA:182,2,1,112
BRDA:182,3,0,134
BRDA:182,3,1,114
BRDA:226,4,0,584
BRDA:226,4,1,406
BRDA:251,5,0,10
BRDA:251,5,1,10
BRDA:253,6,0,1
BRDA:253,6,1,9
BRF:14
BRH:14
end_of_record
TN:
SF:src\parser\base.ts
FN:125,(anonymous_0)
FNF:1
FNH:1
FNDA:96,(anonymous_0)
DA:115,96
DA:126,96
DA:127,96
DA:128,96
DA:129,96
LF:5
LH:5
BRDA:126,0,0,96
BRDA:126,0,1,96
BRDA:127,1,0,96
BRDA:127,1,1,96
BRDA:128,2,0,96
BRDA:128,2,1,96
BRDA:129,3,0,96
BRDA:129,3,1,96
BRF:8
BRH:8
end_of_record
TN:
SF:src\parser\class.ts
FN:17,(anonymous_0)
FN:20,(anonymous_1)
FN:25,(anonymous_2)
FNF:3
FNH:3
FNDA:2,(anonymous_0)
FNDA:1,(anonymous_1)
FNDA:2,(anonymous_2)
DA:18,2
DA:19,1
DA:20,1
DA:21,1
DA:24,2
DA:25,2
DA:26,2
LF:7
LH:7
BRDA:18,0,0,1
BRDA:18,0,1,1
BRF:2
BRH:2
end_of_record
TN:
SF:src\parser\display.ts
FN:17,(anonymous_0)
FN:27,(anonymous_1)
FNF:2
FNH:2
FNDA:6,(anonymous_0)
FNDA:12,(anonymous_1)
DA:18,6
DA:19,6
DA:28,12
DA:29,6
DA:30,3
DA:32,3
DA:35,6
DA:36,3
DA:38,3
LF:9
LH:9
BRDA:19,0,0,2
BRDA:19,0,1,4
BRDA:28,1,0,6
BRDA:28,1,1,6
BRDA:29,2,0,3
BRDA:29,2,1,3
BRDA:30,3,0,1
BRDA:30,3,1,2
BRDA:35,4,0,3
BRDA:35,4,1,3
BRDA:38,5,0,1
BRDA:38,5,1,2
BRF:12
BRH:12
end_of_record
TN:
SF:src\parser\for.ts
FN:83,(anonymous_0)
FN:104,(anonymous_1)
FN:151,(anonymous_2)
FN:170,(anonymous_3)
FN:189,(anonymous_4)
FN:207,(anonymous_5)
FN:223,(anonymous_6)
FN:229,(anonymous_7)
FN:242,(anonymous_8)
FNF:9
FNH:9
FNDA:9,(anonymous_0)
FNDA:20,(anonymous_1)
FNDA:9,(anonymous_2)
FNDA:11,(anonymous_3)
FNDA:10,(anonymous_4)
FNDA:4,(anonymous_5)
FNDA:2,(anonymous_6)
FNDA:2,(anonymous_7)
FNDA:34,(anonymous_8)
DA:22,9
DA:29,9
DA:37,9
DA:45,9
DA:53,9
DA:60,9
DA:67,9
DA:73,9
DA:84,9
DA:86,9
DA:88,9
DA:90,9
DA:91,1
DA:93,8
DA:106,20
DA:107,1
DA:110,19
DA:111,1
DA:114,18
DA:115,6
DA:116,6
DA:117,6
DA:118,6
DA:121,12
DA:122,1
DA:125,11
DA:126,4
DA:127,4
DA:130,7
DA:131,5
DA:132,5
DA:133,5
DA:134,5
DA:135,3
DA:137,2
DA:141,2
DA:152,9
DA:153,2
DA:154,2
DA:155,2
DA:156,2
DA:158,7
DA:159,7
DA:160,7
DA:171,11
DA:172,11
DA:173,11
DA:174,64
DA:175,64
DA:176,42
DA:179,11
DA:190,10
DA:191,10
DA:193,10
DA:194,29
DA:195,29
DA:198,10
DA:208,4
DA:209,4
DA:210,12
DA:212,4
DA:213,4
DA:214,4
DA:224,2
DA:225,2
DA:226,8
DA:228,2
DA:229,2
DA:230,2
DA:243,34
DA:244,34
DA:245,34
DA:247,34
DA:248,34
DA:249,34
DA:251,34
DA:253,34
DA:254,34
DA:256,34
DA:257,15
DA:258,15
DA:261,34
DA:262,34
DA:269,34
DA:270,34
LF:85
LH:85
BRDA:90,0,0,1
BRDA:90,0,1,8
BRDA:106,1,0,1
BRDA:106,1,1,19
BRDA:110,2,0,1
BRDA:110,2,1,18
BRDA:110,3,0,19
BRDA:110,3,1,19
BRDA:114,4,0,6
BRDA:114,4,1,12
BRDA:121,5,0,1
BRDA:121,5,1,11
BRDA:121,6,0,12
BRDA:121,6,1,8
BRDA:125,7,0,4
BRDA:125,7,1,7
BRDA:130,8,0,5
BRDA:130,8,1,2
BRDA:134,9,0,3
BRDA:134,9,1,2
BRDA:152,10,0,2
BRDA:152,10,1,7
BRDA:175,11,0,42
BRDA:175,11,1,22
BRDA:256,12,0,15
BRDA:256,12,1,19
BRF:26
BRH:26
end_of_record
TN:
SF:src\parser\if.ts
FN:46,(anonymous_0)
FN:65,(anonymous_1)
FNF:2
FNH:2
FNDA:3,(anonymous_0)
FNDA:4,(anonymous_1)
DA:21,3
DA:29,3
DA:47,3
DA:48,3
DA:50,3
DA:51,1
DA:54,2
DA:55,2
DA:56,2
DA:66,4
DA:68,4
DA:69,2
DA:70,2
DA:72,2
DA:79,2
DA:80,2
DA:81,1
LF:17
LH:17
BRDA:50,0,0,1
BRDA:50,0,1,2
BRDA:68,1,0,2
BRDA:68,1,1,2
BRDA:80,2,0,1
BRDA:80,2,1,1
BRDA:80,3,0,2
BRDA:80,3,1,2
BRF:8
BRH:8
end_of_record
TN:
SF:src\parser\model.ts
FN:42,(anonymous_0)
FN:54,(anonymous_1)
FN:77,(anonymous_2)
FN:113,(anonymous_3)
FN:117,(anonymous_4)
FN:142,(anonymous_5)
FN:158,(anonymous_6)
FN:168,(anonymous_7)
FN:182,(anonymous_8)
FN:192,(anonymous_9)
FNF:10
FNH:10
FNDA:13,(anonymous_0)
FNDA:23,(anonymous_1)
FNDA:13,(anonymous_2)
FNDA:12,(anonymous_3)
FNDA:8,(anonymous_4)
FNDA:2,(anonymous_5)
FNDA:2,(anonymous_6)
FNDA:9,(anonymous_7)
FNDA:4,(anonymous_8)
FNDA:8,(anonymous_9)
DA:7,6
DA:25,13
DA:33,13
DA:43,13
DA:44,13
DA:45,12
DA:55,23
DA:57,2
DA:58,2
DA:60,9
DA:61,8
DA:63,4
DA:64,4
DA:66,8
DA:67,6
DA:78,13
DA:79,13
DA:81,13
DA:82,1
DA:85,12
DA:86,1
DA:88,11
DA:114,12
DA:115,4
DA:117,12
DA:118,8
DA:119,3
DA:120,3
DA:121,5
DA:122,3
DA:123,3
DA:124,3
DA:125,1
DA:127,2
DA:130,2
DA:143,2
DA:144,2
DA:145,6
DA:146,1
DA:149,2
DA:159,2
DA:169,9
DA:170,1
DA:172,8
DA:173,8
DA:183,4
DA:193,8
DA:194,8
DA:195,8
DA:198,8
DA:199,1
DA:202,7
DA:203,1
DA:205,6
DA:206,18
DA:208,18
LF:56
LH:56
BRDA:55,0,0,2
BRDA:55,0,1,9
BRDA:55,0,2,4
BRDA:55,0,3,8
BRDA:79,1,0,8
BRDA:79,1,1,5
BRDA:81,2,0,1
BRDA:81,2,1,12
BRDA:85,3,0,1
BRDA:85,3,1,11
BRDA:114,4,0,4
BRDA:114,4,1,8
BRDA:117,5,0,1
BRDA:117,5,1,11
BRDA:118,6,0,3
BRDA:118,6,1,5
BRDA:119,7,0,2
BRDA:119,7,1,1
BRDA:121,8,0,3
BRDA:121,8,1,2
BRDA:124,9,0,1
BRDA:124,9,1,2
BRDA:127,10,0,1
BRDA:127,10,1,1
BRDA:145,11,0,1
BRDA:145,11,1,5
BRDA:169,12,0,1
BRDA:169,12,1,8
BRDA:169,13,0,9
BRDA:169,13,1,3
BRDA:173,14,0,2
BRDA:173,14,1,6
BRDA:198,15,0,1
BRDA:198,15,1,7
BRDA:198,16,0,8
BRDA:198,16,1,5
BRDA:202,17,0,1
BRDA:202,17,1,6
BRDA:202,18,0,7
BRDA:202,18,1,3
BRDA:208,19,0,12
BRDA:208,19,1,6
BRF:42
BRH:42
end_of_record
TN:
SF:src\parser\on.ts
FN:46,(anonymous_0)
FN:54,(anonymous_1)
FN:70,(anonymous_2)
FN:76,(anonymous_3)
FN:86,(anonymous_4)
FNF:5
FNH:5
FNDA:5,(anonymous_0)
FNDA:7,(anonymous_1)
FNDA:4,(anonymous_2)
FNDA:1,(anonymous_3)
FNDA:5,(anonymous_4)
DA:47,5
DA:49,5
DA:50,2
DA:52,3
DA:54,5
DA:55,7
DA:58,5
DA:59,5
DA:61,1
DA:71,4
DA:72,4
DA:73,4
DA:74,4
DA:76,4
DA:77,1
DA:87,5
DA:89,5
DA:91,5
DA:92,1
DA:95,5
DA:97,4
LF:21
LH:21
BRDA:49,0,0,2
BRDA:49,0,1,3
BRDA:55,1,0,6
BRDA:55,1,1,1
BRDA:74,2,0,4
BRDA:74,2,1,4
BRDA:91,3,0,1
BRDA:91,3,1,4
BRDA:91,4,0,5
BRDA:91,4,1,5
BRF:10
BRH:10
end_of_record
TN:
SF:src\parser\other.ts
FN:16,(anonymous_0)
FNF:1
FNH:1
FNDA:18,(anonymous_0)
DA:17,18
LF:1
LH:1
BRF:0
BRH:0
end_of_record
TN:
SF:src\parser\style.ts
FN:24,(anonymous_0)
FN:27,(anonymous_1)
FNF:2
FNH:2
FNDA:3,(anonymous_0)
FNDA:2,(anonymous_1)
DA:16,1
DA:25,3
DA:26,2
DA:27,2
DA:28,2
DA:30,2
DA:32,3
LF:7
LH:7
BRDA:25,0,0,2
BRDA:25,0,1,1
BRF:2
BRH:2
end_of_record
TN:
SF:src\parser\text.ts
FN:18,(anonymous_0)
FNF:1
FNH:1
FNDA:49,(anonymous_0)
DA:19,49
LF:1
LH:1
BRF:0
BRH:0
end_of_record
